Using custom data configuration default-dbb7d1a536cc9fd5
Using dataset: turkcorpus_context_all, Args: 4e-5 (lr), 5 (epochs), 16 (batch_size), None (checkpoint)
Downloading and preparing dataset json/default to /home/lily/lyf6/.cache/huggingface/datasets/json/default-dbb7d1a536cc9fd5/0.0.0/ac0ca5f5289a6cf108e706efcf040422dbbfa8e658dee6a819f20d76bb84d26b...

Downloading data files:   0%|          | 0/1 [00:00<?, ?it/s]
Downloading data files: 100%|â–ˆâ–ˆâ–ˆâ–ˆâ–ˆâ–ˆâ–ˆâ–ˆâ–ˆâ–ˆ| 1/1 [00:00<00:00, 8112.77it/s]

Extracting data files:   0%|          | 0/1 [00:00<?, ?it/s]
Extracting data files: 100%|â–ˆâ–ˆâ–ˆâ–ˆâ–ˆâ–ˆâ–ˆâ–ˆâ–ˆâ–ˆ| 1/1 [00:00<00:00, 360.83it/s]
Dataset json downloaded and prepared to /home/lily/lyf6/.cache/huggingface/datasets/json/default-dbb7d1a536cc9fd5/0.0.0/ac0ca5f5289a6cf108e706efcf040422dbbfa8e658dee6a819f20d76bb84d26b. Subsequent calls will reuse this data.

  0%|          | 0/1 [00:00<?, ?it/s]
100%|â–ˆâ–ˆâ–ˆâ–ˆâ–ˆâ–ˆâ–ˆâ–ˆâ–ˆâ–ˆ| 1/1 [00:00<00:00, 342.64it/s]
Using custom data configuration default-fee15228ab99f09a
Downloading and preparing dataset json/default to /home/lily/lyf6/.cache/huggingface/datasets/json/default-fee15228ab99f09a/0.0.0/ac0ca5f5289a6cf108e706efcf040422dbbfa8e658dee6a819f20d76bb84d26b...

Downloading data files:   0%|          | 0/1 [00:00<?, ?it/s]
Downloading data files: 100%|â–ˆâ–ˆâ–ˆâ–ˆâ–ˆâ–ˆâ–ˆâ–ˆâ–ˆâ–ˆ| 1/1 [00:00<00:00, 4999.17it/s]

Extracting data files:   0%|          | 0/1 [00:00<?, ?it/s]
Extracting data files: 100%|â–ˆâ–ˆâ–ˆâ–ˆâ–ˆâ–ˆâ–ˆâ–ˆâ–ˆâ–ˆ| 1/1 [00:00<00:00, 391.44it/s]
Dataset json downloaded and prepared to /home/lily/lyf6/.cache/huggingface/datasets/json/default-fee15228ab99f09a/0.0.0/ac0ca5f5289a6cf108e706efcf040422dbbfa8e658dee6a819f20d76bb84d26b. Subsequent calls will reuse this data.

  0%|          | 0/1 [00:00<?, ?it/s]
100%|â–ˆâ–ˆâ–ˆâ–ˆâ–ˆâ–ˆâ–ˆâ–ˆâ–ˆâ–ˆ| 1/1 [00:00<00:00, 422.26it/s]

  0%|          | 0/16 [00:00<?, ?ba/s]
  6%|â–‹         | 1/16 [00:00<00:10,  1.50ba/s]
 12%|â–ˆâ–Ž        | 2/16 [00:01<00:08,  1.64ba/s]
 19%|â–ˆâ–‰        | 3/16 [00:01<00:07,  1.83ba/s]
 25%|â–ˆâ–ˆâ–Œ       | 4/16 [00:02<00:06,  1.99ba/s]
 31%|â–ˆâ–ˆâ–ˆâ–      | 5/16 [00:02<00:05,  2.05ba/s]
 38%|â–ˆâ–ˆâ–ˆâ–Š      | 6/16 [00:03<00:04,  2.13ba/s]
 44%|â–ˆâ–ˆâ–ˆâ–ˆâ–     | 7/16 [00:03<00:04,  2.20ba/s]
 50%|â–ˆâ–ˆâ–ˆâ–ˆâ–ˆ     | 8/16 [00:03<00:03,  2.26ba/s]
 56%|â–ˆâ–ˆâ–ˆâ–ˆâ–ˆâ–‹    | 9/16 [00:04<00:03,  2.32ba/s]
 62%|â–ˆâ–ˆâ–ˆâ–ˆâ–ˆâ–ˆâ–Ž   | 10/16 [00:04<00:02,  2.34ba/s]
 69%|â–ˆâ–ˆâ–ˆâ–ˆâ–ˆâ–ˆâ–‰   | 11/16 [00:05<00:02,  2.37ba/s]
 75%|â–ˆâ–ˆâ–ˆâ–ˆâ–ˆâ–ˆâ–ˆâ–Œ  | 12/16 [00:05<00:01,  2.39ba/s]
 81%|â–ˆâ–ˆâ–ˆâ–ˆâ–ˆâ–ˆâ–ˆâ–ˆâ– | 13/16 [00:05<00:01,  2.41ba/s]
 88%|â–ˆâ–ˆâ–ˆâ–ˆâ–ˆâ–ˆâ–ˆâ–ˆâ–Š | 14/16 [00:06<00:00,  2.42ba/s]
 94%|â–ˆâ–ˆâ–ˆâ–ˆâ–ˆâ–ˆâ–ˆâ–ˆâ–ˆâ–| 15/16 [00:06<00:00,  2.14ba/s]
100%|â–ˆâ–ˆâ–ˆâ–ˆâ–ˆâ–ˆâ–ˆâ–ˆâ–ˆâ–ˆ| 16/16 [00:07<00:00,  2.22ba/s]
100%|â–ˆâ–ˆâ–ˆâ–ˆâ–ˆâ–ˆâ–ˆâ–ˆâ–ˆâ–ˆ| 16/16 [00:07<00:00,  2.18ba/s]

  0%|          | 0/1 [00:00<?, ?ba/s]
100%|â–ˆâ–ˆâ–ˆâ–ˆâ–ˆâ–ˆâ–ˆâ–ˆâ–ˆâ–ˆ| 1/1 [00:00<00:00,  5.12ba/s]
100%|â–ˆâ–ˆâ–ˆâ–ˆâ–ˆâ–ˆâ–ˆâ–ˆâ–ˆâ–ˆ| 1/1 [00:00<00:00,  5.11ba/s]
/home/lily/lyf6/miniconda3/envs/simplification/lib/python3.8/site-packages/transformers/optimization.py:346: FutureWarning: This implementation of AdamW is deprecated and will be removed in a future version. Use the PyTorch implementation torch.optim.AdamW instead, or set `no_deprecation_warning=True` to disable this warning
  warnings.warn(
wandb: Currently logged in as: ljyflores_team (use `wandb login --relogin` to force relogin)
wandb: wandb version 0.14.0 is available!  To upgrade, please run:
wandb:  $ pip install wandb --upgrade
wandb: Tracking run with wandb version 0.12.9
wandb: Syncing run dazzling-fire-63
wandb:  View project at https://wandb.ai/ljyflores_team/huggingface
wandb:  View run at https://wandb.ai/ljyflores_team/huggingface/runs/2qlxrn59
wandb: Run data is saved locally in /data/lily/lyf6/Simplification-Project/wandb/run-20230317_023849-2qlxrn59
wandb: Run `wandb offline` to turn off syncing.


  0% 0/1670 [00:00<?, ?it/s]/home/lily/lyf6/miniconda3/envs/simplification/lib/python3.8/site-packages/torch/nn/parallel/_functions.py:68: UserWarning: Was asked to gather along dimension 0, but all input tensors were scalars; will instead unsqueeze and return a vector.
  warnings.warn('Was asked to gather along dimension 0, but all '

  0% 1/1670 [00:07<3:36:32,  7.78s/it]
  0% 2/1670 [00:09<1:49:35,  3.94s/it]
  0% 3/1670 [00:10<1:17:42,  2.80s/it]
  0% 4/1670 [00:11<1:02:57,  2.27s/it]
  0% 5/1670 [00:13<55:07,  1.99s/it]  
  0% 6/1670 [00:14<49:53,  1.80s/it]
  0% 7/1670 [00:16<46:08,  1.66s/it]
  0% 8/1670 [00:17<44:02,  1.59s/it]
  1% 9/1670 [00:19<42:54,  1.55s/it]
  1% 10/1670 [00:20<42:09,  1.52s/it]
  1% 11/1670 [00:22<41:18,  1.49s/it]
  1% 12/1670 [00:23<40:23,  1.46s/it]
  1% 13/1670 [00:24<40:06,  1.45s/it]
  1% 14/1670 [00:26<40:15,  1.46s/it]
  1% 15/1670 [00:27<39:20,  1.43s/it]
  1% 16/1670 [00:28<38:31,  1.40s/it]
  1% 17/1670 [00:30<39:44,  1.44s/it]
  1% 18/1670 [00:31<39:09,  1.42s/it]
  1% 19/1670 [00:33<38:49,  1.41s/it]
  1% 20/1670 [00:34<38:36,  1.40s/it]
  1% 21/1670 [00:36<38:21,  1.40s/it]
  1% 22/1670 [00:37<38:01,  1.38s/it]
  1% 23/1670 [00:38<37:50,  1.38s/it]
  1% 24/1670 [00:40<36:51,  1.34s/it]
  1% 25/1670 [00:41<37:03,  1.35s/it]
  2% 26/1670 [00:42<37:06,  1.35s/it]
  2% 27/1670 [00:44<37:09,  1.36s/it]
  2% 28/1670 [00:45<37:41,  1.38s/it]
  2% 29/1670 [00:46<37:33,  1.37s/it]
  2% 30/1670 [00:48<36:31,  1.34s/it]
  2% 31/1670 [00:49<37:10,  1.36s/it]
  2% 32/1670 [00:50<37:21,  1.37s/it]
  2% 33/1670 [00:52<38:30,  1.41s/it]
  2% 34/1670 [00:53<38:13,  1.40s/it]
  2% 35/1670 [00:55<37:50,  1.39s/it]
  2% 36/1670 [00:56<37:41,  1.38s/it]
  2% 37/1670 [00:57<37:33,  1.38s/it]
  2% 38/1670 [00:59<36:35,  1.35s/it]
  2% 39/1670 [01:00<37:12,  1.37s/it]
  2% 40/1670 [01:02<37:11,  1.37s/it]
  2% 41/1670 [01:03<37:10,  1.37s/it]
  3% 42/1670 [01:04<37:07,  1.37s/it]
  3% 43/1670 [01:06<37:01,  1.37s/it]
  3% 44/1670 [01:07<36:58,  1.36s/it]
  3% 45/1670 [01:08<36:53,  1.36s/it]
  3% 46/1670 [01:10<35:56,  1.33s/it]
  3% 47/1670 [01:11<36:15,  1.34s/it]
  3% 48/1670 [01:12<36:21,  1.34s/it]
  3% 49/1670 [01:14<36:24,  1.35s/it]
  3% 50/1670 [01:15<36:31,  1.35s/it]
  3% 51/1670 [01:17<37:34,  1.39s/it]
  3% 52/1670 [01:18<37:22,  1.39s/it]
  3% 53/1670 [01:19<37:14,  1.38s/it]
  3% 54/1670 [01:21<37:14,  1.38s/it]
  3% 55/1670 [01:22<37:10,  1.38s/it]
  3% 56/1670 [01:23<37:09,  1.38s/it]
  3% 57/1670 [01:25<37:05,  1.38s/it]
  3% 58/1670 [01:26<37:27,  1.39s/it]
  4% 59/1670 [01:28<37:58,  1.41s/it]
  4% 60/1670 [01:29<38:21,  1.43s/it]
  4% 61/1670 [01:31<38:24,  1.43s/it]
  4% 62/1670 [01:32<38:06,  1.42s/it]
  4% 63/1670 [01:33<38:11,  1.43s/it]
  4% 64/1670 [01:35<38:24,  1.44s/it]
  4% 65/1670 [01:36<38:49,  1.45s/it]
  4% 66/1670 [01:38<38:44,  1.45s/it]
  4% 67/1670 [01:39<38:21,  1.44s/it]
  4% 68/1670 [01:41<39:32,  1.48s/it]
  4% 69/1670 [01:42<39:35,  1.48s/it]
  4% 70/1670 [01:44<39:12,  1.47s/it]
  4% 71/1670 [01:45<38:36,  1.45s/it]
  4% 72/1670 [01:47<38:26,  1.44s/it]
  4% 73/1670 [01:48<38:35,  1.45s/it]
  4% 74/1670 [01:49<38:45,  1.46s/it]
  4% 75/1670 [01:51<38:26,  1.45s/it]
  5% 76/1670 [01:52<38:13,  1.44s/it]
  5% 77/1670 [01:54<38:14,  1.44s/it]
  5% 78/1670 [01:55<38:28,  1.45s/it]
  5% 79/1670 [01:57<38:27,  1.45s/it]
  5% 80/1670 [01:58<38:17,  1.44s/it]
  5% 81/1670 [02:00<37:50,  1.43s/it]
  5% 82/1670 [02:01<37:51,  1.43s/it]
  5% 83/1670 [02:02<38:13,  1.45s/it]
  5% 84/1670 [02:04<38:18,  1.45s/it]
  5% 85/1670 [02:05<39:02,  1.48s/it]
  5% 86/1670 [02:07<38:41,  1.47s/it]
  5% 87/1670 [02:08<38:44,  1.47s/it]
  5% 88/1670 [02:10<38:38,  1.47s/it]
  5% 89/1670 [02:11<38:11,  1.45s/it]
  5% 90/1670 [02:13<37:05,  1.41s/it]
  5% 91/1670 [02:14<37:19,  1.42s/it]
  6% 92/1670 [02:15<37:52,  1.44s/it]
  6% 93/1670 [02:17<37:59,  1.45s/it]
  6% 94/1670 [02:18<37:51,  1.44s/it]
  6% 95/1670 [02:20<37:24,  1.43s/it]
  6% 96/1670 [02:21<37:23,  1.43s/it]
  6% 97/1670 [02:23<37:29,  1.43s/it]
  6% 98/1670 [02:24<37:47,  1.44s/it]
  6% 99/1670 [02:26<37:31,  1.43s/it]
  6% 100/1670 [02:27<37:17,  1.43s/it]
  6% 101/1670 [02:28<37:22,  1.43s/it]
  6% 102/1670 [02:30<39:07,  1.50s/it]
  6% 103/1670 [02:31<38:30,  1.47s/it]
  6% 104/1670 [02:33<37:53,  1.45s/it]
  6% 105/1670 [02:34<37:46,  1.45s/it]
  6% 106/1670 [02:36<37:57,  1.46s/it]
  6% 107/1670 [02:37<37:53,  1.45s/it]
  6% 108/1670 [02:39<37:25,  1.44s/it]
  7% 109/1670 [02:40<37:14,  1.43s/it]
  7% 110/1670 [02:41<37:21,  1.44s/it]
  7% 111/1670 [02:43<37:37,  1.45s/it]
  7% 112/1670 [02:44<37:54,  1.46s/it]
  7% 113/1670 [02:46<37:27,  1.44s/it]
  7% 114/1670 [02:47<37:03,  1.43s/it]
  7% 115/1670 [02:49<37:05,  1.43s/it]
  7% 116/1670 [02:50<37:24,  1.44s/it]
  7% 117/1670 [02:52<37:24,  1.45s/it]
  7% 118/1670 [02:53<37:02,  1.43s/it]
  7% 119/1670 [02:55<37:49,  1.46s/it]
  7% 120/1670 [02:56<37:53,  1.47s/it]
  7% 121/1670 [02:57<37:54,  1.47s/it]
  7% 122/1670 [02:59<37:29,  1.45s/it]
  7% 123/1670 [03:00<37:07,  1.44s/it]
  7% 124/1670 [03:02<37:08,  1.44s/it]
  7% 125/1670 [03:03<37:23,  1.45s/it]
  8% 126/1670 [03:05<37:18,  1.45s/it]
  8% 127/1670 [03:06<36:55,  1.44s/it]
  8% 128/1670 [03:07<36:40,  1.43s/it]
  8% 129/1670 [03:09<36:41,  1.43s/it]
  8% 130/1670 [03:10<37:03,  1.44s/it]
  8% 131/1670 [03:12<37:08,  1.45s/it]
  8% 132/1670 [03:13<36:54,  1.44s/it]
  8% 133/1670 [03:15<36:42,  1.43s/it]
  8% 134/1670 [03:16<36:50,  1.44s/it]
  8% 135/1670 [03:18<37:08,  1.45s/it]
  8% 136/1670 [03:19<37:46,  1.48s/it]
  8% 137/1670 [03:21<37:13,  1.46s/it]
  8% 138/1670 [03:22<37:12,  1.46s/it]
  8% 139/1670 [03:24<37:28,  1.47s/it]
  8% 140/1670 [03:25<37:16,  1.46s/it]
  8% 141/1670 [03:26<36:44,  1.44s/it]
  9% 142/1670 [03:28<36:37,  1.44s/it]
  9% 143/1670 [03:29<36:42,  1.44s/it]
  9% 144/1670 [03:31<36:59,  1.45s/it]
  9% 145/1670 [03:32<36:53,  1.45s/it]
  9% 146/1670 [03:34<36:30,  1.44s/it]
  9% 147/1670 [03:35<36:27,  1.44s/it]
  9% 148/1670 [03:36<36:29,  1.44s/it]
  9% 149/1670 [03:38<37:01,  1.46s/it]
  9% 150/1670 [03:39<36:53,  1.46s/it]
  9% 151/1670 [03:41<36:39,  1.45s/it]
  9% 152/1670 [03:42<37:38,  1.49s/it]
  9% 153/1670 [03:44<37:32,  1.48s/it]
  9% 154/1670 [03:45<37:04,  1.47s/it]
  9% 155/1670 [03:47<36:42,  1.45s/it]
  9% 156/1670 [03:48<36:36,  1.45s/it]
  9% 157/1670 [03:50<36:34,  1.45s/it]
  9% 158/1670 [03:51<36:47,  1.46s/it]
 10% 159/1670 [03:53<36:29,  1.45s/it]
 10% 160/1670 [03:54<36:11,  1.44s/it]
 10% 161/1670 [03:55<36:09,  1.44s/it]
 10% 162/1670 [03:57<36:29,  1.45s/it]
 10% 163/1670 [03:58<36:21,  1.45s/it]
 10% 164/1670 [04:00<36:01,  1.44s/it]
 10% 165/1670 [04:01<35:55,  1.43s/it]
 10% 166/1670 [04:03<35:59,  1.44s/it]
 10% 167/1670 [04:04<36:17,  1.45s/it]
 10% 168/1670 [04:05<36:09,  1.44s/it]
 10% 169/1670 [04:07<35:49,  1.43s/it]
 10% 170/1670 [04:08<35:41,  1.43s/it]
 10% 171/1670 [04:10<35:54,  1.44s/it]
 10% 172/1670 [04:11<37:13,  1.49s/it]
 10% 173/1670 [04:13<36:31,  1.46s/it]
 10% 174/1670 [04:14<36:07,  1.45s/it]
 10% 175/1670 [04:16<36:05,  1.45s/it]
 11% 176/1670 [04:17<36:10,  1.45s/it]
 11% 177/1670 [04:19<35:56,  1.44s/it]
 11% 178/1670 [04:20<35:32,  1.43s/it]
 11% 179/1670 [04:21<35:37,  1.43s/it]
 11% 180/1670 [04:23<36:05,  1.45s/it]
 11% 181/1670 [04:24<36:05,  1.45s/it]
 11% 182/1670 [04:26<35:41,  1.44s/it]
 11% 183/1670 [04:27<35:31,  1.43s/it]
 11% 184/1670 [04:29<35:39,  1.44s/it]
 11% 185/1670 [04:30<35:56,  1.45s/it]
 11% 186/1670 [04:32<35:43,  1.44s/it]
 11% 187/1670 [04:33<35:22,  1.43s/it]
 11% 188/1670 [04:34<35:13,  1.43s/it]
 11% 189/1670 [04:36<36:39,  1.48s/it]
 11% 190/1670 [04:37<36:22,  1.47s/it]
 11% 191/1670 [04:39<35:51,  1.45s/it]
 11% 192/1670 [04:40<35:32,  1.44s/it]
 12% 193/1670 [04:42<35:28,  1.44s/it]
 12% 194/1670 [04:43<35:42,  1.45s/it]
 12% 195/1670 [04:45<35:31,  1.45s/it]
 12% 196/1670 [04:46<35:14,  1.43s/it]
 12% 197/1670 [04:47<35:12,  1.43s/it]
 12% 198/1670 [04:49<35:34,  1.45s/it]
 12% 199/1670 [04:50<35:32,  1.45s/it]
 12% 200/1670 [04:52<35:12,  1.44s/it]
 12% 201/1670 [04:53<35:02,  1.43s/it]
 12% 202/1670 [04:54<34:12,  1.40s/it]
 12% 203/1670 [04:56<34:36,  1.42s/it]
 12% 204/1670 [04:57<35:05,  1.44s/it]
 12% 205/1670 [04:59<35:03,  1.44s/it]
 12% 206/1670 [05:00<35:32,  1.46s/it]
 12% 207/1670 [05:02<35:24,  1.45s/it]
 12% 208/1670 [05:03<35:36,  1.46s/it]
 13% 209/1670 [05:05<35:29,  1.46s/it]
 13% 210/1670 [05:06<35:04,  1.44s/it]
 13% 211/1670 [05:08<35:02,  1.44s/it]
 13% 212/1670 [05:09<35:19,  1.45s/it]
 13% 213/1670 [05:11<35:20,  1.46s/it]
 13% 214/1670 [05:12<35:01,  1.44s/it]
 13% 215/1670 [05:13<34:51,  1.44s/it]
 13% 216/1670 [05:15<34:55,  1.44s/it]
 13% 217/1670 [05:16<35:13,  1.45s/it]
 13% 218/1670 [05:18<34:53,  1.44s/it]
 13% 219/1670 [05:19<34:28,  1.43s/it]
 13% 220/1670 [05:21<34:23,  1.42s/it]
 13% 221/1670 [05:22<34:45,  1.44s/it]
 13% 222/1670 [05:23<34:19,  1.42s/it]
 13% 223/1670 [05:25<34:27,  1.43s/it]
 13% 224/1670 [05:26<34:09,  1.42s/it]
 13% 225/1670 [05:28<34:13,  1.42s/it]
 14% 226/1670 [05:29<34:28,  1.43s/it]
 14% 227/1670 [05:31<35:22,  1.47s/it]
 14% 228/1670 [05:32<34:51,  1.45s/it]
 14% 229/1670 [05:34<34:42,  1.45s/it]
 14% 230/1670 [05:35<34:42,  1.45s/it]
 14% 231/1670 [05:36<35:03,  1.46s/it]
 14% 232/1670 [05:38<34:41,  1.45s/it]
 14% 233/1670 [05:39<34:23,  1.44s/it]
 14% 234/1670 [05:41<34:28,  1.44s/it]
 14% 235/1670 [05:42<34:35,  1.45s/it]
 14% 236/1670 [05:44<34:45,  1.45s/it]
 14% 237/1670 [05:45<34:29,  1.44s/it]
 14% 238/1670 [05:46<34:10,  1.43s/it]
 14% 239/1670 [05:48<34:10,  1.43s/it]
 14% 240/1670 [05:49<34:28,  1.45s/it]
 14% 241/1670 [05:51<34:24,  1.44s/it]
 14% 242/1670 [05:52<35:01,  1.47s/it]
 15% 243/1670 [05:54<33:52,  1.42s/it]
 15% 244/1670 [05:55<34:01,  1.43s/it]
 15% 245/1670 [05:57<33:34,  1.41s/it]
 15% 246/1670 [05:58<33:44,  1.42s/it]
 15% 247/1670 [05:59<32:50,  1.38s/it]
 15% 248/1670 [06:01<32:46,  1.38s/it]
 15% 249/1670 [06:02<33:00,  1.39s/it]
 15% 250/1670 [06:03<33:20,  1.41s/it]
 15% 251/1670 [06:05<33:47,  1.43s/it]
 15% 252/1670 [06:06<33:45,  1.43s/it]
 15% 253/1670 [06:08<33:28,  1.42s/it]
 15% 254/1670 [06:09<33:31,  1.42s/it]
 15% 255/1670 [06:11<33:43,  1.43s/it]
 15% 256/1670 [06:12<33:58,  1.44s/it]
 15% 257/1670 [06:14<33:48,  1.44s/it]
 15% 258/1670 [06:15<33:46,  1.44s/it]
 16% 259/1670 [06:16<33:49,  1.44s/it]
 16% 260/1670 [06:18<34:07,  1.45s/it]
 16% 261/1670 [06:19<34:41,  1.48s/it]
 16% 262/1670 [06:21<34:07,  1.45s/it]
 16% 263/1670 [06:22<33:57,  1.45s/it]
 16% 264/1670 [06:24<34:17,  1.46s/it]
 16% 265/1670 [06:25<34:15,  1.46s/it]
 16% 266/1670 [06:27<33:58,  1.45s/it]
 16% 267/1670 [06:28<33:29,  1.43s/it]
 16% 268/1670 [06:29<33:27,  1.43s/it]
 16% 269/1670 [06:31<33:44,  1.44s/it]
 16% 270/1670 [06:32<33:52,  1.45s/it]
 16% 271/1670 [06:34<33:29,  1.44s/it]
 16% 272/1670 [06:35<33:19,  1.43s/it]
 16% 273/1670 [06:37<33:25,  1.44s/it]
 16% 274/1670 [06:38<33:46,  1.45s/it]
 16% 275/1670 [06:40<33:36,  1.45s/it]
 17% 276/1670 [06:41<33:17,  1.43s/it]
 17% 277/1670 [06:42<33:17,  1.43s/it]
 17% 278/1670 [06:44<34:14,  1.48s/it]
 17% 279/1670 [06:45<33:57,  1.47s/it]
 17% 280/1670 [06:47<33:22,  1.44s/it]
 17% 281/1670 [06:48<33:00,  1.43s/it]
 17% 282/1670 [06:50<32:17,  1.40s/it]
 17% 283/1670 [06:51<32:38,  1.41s/it]
 17% 284/1670 [06:53<33:03,  1.43s/it]
 17% 285/1670 [06:54<33:03,  1.43s/it]
 17% 286/1670 [06:55<32:42,  1.42s/it]
 17% 287/1670 [06:57<32:39,  1.42s/it]
 17% 288/1670 [06:58<32:53,  1.43s/it]
 17% 289/1670 [07:00<33:07,  1.44s/it]
 17% 290/1670 [07:01<32:58,  1.43s/it]
 17% 291/1670 [07:02<32:38,  1.42s/it]
 17% 292/1670 [07:04<32:41,  1.42s/it]
 18% 293/1670 [07:05<32:55,  1.43s/it]
 18% 294/1670 [07:07<33:05,  1.44s/it]
 18% 295/1670 [07:08<33:48,  1.48s/it]
 18% 296/1670 [07:10<33:21,  1.46s/it]
 18% 297/1670 [07:11<32:33,  1.42s/it]
 18% 298/1670 [07:13<32:50,  1.44s/it]
 18% 299/1670 [07:14<33:01,  1.45s/it]
 18% 300/1670 [07:15<32:55,  1.44s/it]
 18% 301/1670 [07:17<32:48,  1.44s/it]
 18% 302/1670 [07:18<32:48,  1.44s/it]
 18% 303/1670 [07:20<33:04,  1.45s/it]
 18% 304/1670 [07:21<32:55,  1.45s/it]
 18% 305/1670 [07:23<32:33,  1.43s/it]
 18% 306/1670 [07:24<32:32,  1.43s/it]
 18% 307/1670 [07:25<31:55,  1.41s/it]
 18% 308/1670 [07:27<32:24,  1.43s/it]
 19% 309/1670 [07:28<32:23,  1.43s/it]
 19% 310/1670 [07:30<32:10,  1.42s/it]
 19% 311/1670 [07:31<31:28,  1.39s/it]
 19% 312/1670 [07:33<32:34,  1.44s/it]
 19% 313/1670 [07:34<32:54,  1.45s/it]
 19% 314/1670 [07:36<32:41,  1.45s/it]
 19% 315/1670 [07:37<32:21,  1.43s/it]
 19% 316/1670 [07:38<32:23,  1.44s/it]
 19% 317/1670 [07:40<32:37,  1.45s/it]
 19% 318/1670 [07:41<32:39,  1.45s/it]
 19% 319/1670 [07:43<32:19,  1.44s/it]
 19% 320/1670 [07:44<32:11,  1.43s/it]
 19% 321/1670 [07:46<32:26,  1.44s/it]
 19% 322/1670 [07:47<32:44,  1.46s/it]
 19% 323/1670 [07:49<32:27,  1.45s/it]
 19% 324/1670 [07:50<32:08,  1.43s/it]
 19% 325/1670 [07:51<32:05,  1.43s/it]
 20% 326/1670 [07:53<32:05,  1.43s/it]
 20% 327/1670 [07:54<32:24,  1.45s/it]
 20% 328/1670 [07:56<31:40,  1.42s/it]
 20% 329/1670 [07:57<32:24,  1.45s/it]
 20% 330/1670 [07:59<32:08,  1.44s/it]
 20% 331/1670 [08:00<32:10,  1.44s/it]
 20% 332/1670 [08:01<32:16,  1.45s/it]
 20% 333/1670 [08:03<32:05,  1.44s/it]
 20% 334/1670 [08:04<30:35,  1.37s/it]

  0% 0/8 [00:00<?, ?it/s][A

 25% 2/8 [00:02<00:06,  1.07s/it][A

 38% 3/8 [00:04<00:07,  1.52s/it][A

 50% 4/8 [00:06<00:07,  1.78s/it][A

 62% 5/8 [00:08<00:05,  1.93s/it][A

 75% 6/8 [00:10<00:03,  1.93s/it][A

 88% 7/8 [00:12<00:01,  1.97s/it][A

100% 8/8 [00:14<00:00,  1.82s/it][A
                                      


                                 
[A
 20% 334/1670 [08:32<30:35,  1.37s/it]

100% 8/8 [00:26<00:00,  1.82s/it][A

                                 [A
 20% 335/1670 [08:34<3:38:14,  9.81s/it]
 20% 336/1670 [08:35<2:42:30,  7.31s/it]
 20% 337/1670 [08:37<2:03:16,  5.55s/it]
 20% 338/1670 [08:38<1:35:36,  4.31s/it]
 20% 339/1670 [08:39<1:16:14,  3.44s/it]
 20% 340/1670 [08:41<1:02:54,  2.84s/it]
 20% 341/1670 [08:42<53:50,  2.43s/it]  
 20% 342/1670 [08:44<47:25,  2.14s/it]
 21% 343/1670 [08:45<41:48,  1.89s/it]
 21% 344/1670 [08:46<38:37,  1.75s/it]
 21% 345/1670 [08:48<36:39,  1.66s/it]
 21% 346/1670 [08:49<35:27,  1.61s/it]
 21% 347/1670 [08:51<34:21,  1.56s/it]
 21% 348/1670 [08:52<34:13,  1.55s/it]
 21% 349/1670 [08:54<33:26,  1.52s/it]
 21% 350/1670 [08:55<33:05,  1.50s/it]
 21% 351/1670 [08:57<31:55,  1.45s/it]
 21% 352/1670 [08:58<31:45,  1.45s/it]
 21% 353/1670 [08:59<31:20,  1.43s/it]
 21% 354/1670 [09:01<31:09,  1.42s/it]
 21% 355/1670 [09:02<31:07,  1.42s/it]
 21% 356/1670 [09:04<31:34,  1.44s/it]
 21% 357/1670 [09:05<31:37,  1.45s/it]
 21% 358/1670 [09:07<31:23,  1.44s/it]
 21% 359/1670 [09:08<31:08,  1.43s/it]
 22% 360/1670 [09:09<31:10,  1.43s/it]
 22% 361/1670 [09:11<31:23,  1.44s/it]
 22% 362/1670 [09:12<31:33,  1.45s/it]
 22% 363/1670 [09:14<31:20,  1.44s/it]
 22% 364/1670 [09:15<31:09,  1.43s/it]
 22% 365/1670 [09:17<32:04,  1.47s/it]
 22% 366/1670 [09:18<32:05,  1.48s/it]
 22% 367/1670 [09:20<31:49,  1.47s/it]
 22% 368/1670 [09:21<31:20,  1.44s/it]
 22% 369/1670 [09:23<31:15,  1.44s/it]
 22% 370/1670 [09:24<31:25,  1.45s/it]
 22% 371/1670 [09:25<31:32,  1.46s/it]
 22% 372/1670 [09:27<31:13,  1.44s/it]
 22% 373/1670 [09:28<31:02,  1.44s/it]
 22% 374/1670 [09:30<31:05,  1.44s/it]
 22% 375/1670 [09:31<31:23,  1.45s/it]
 23% 376/1670 [09:33<31:12,  1.45s/it]
 23% 377/1670 [09:34<30:53,  1.43s/it]
 23% 378/1670 [09:36<30:52,  1.43s/it]
 23% 379/1670 [09:37<31:05,  1.44s/it]
 23% 380/1670 [09:38<31:09,  1.45s/it]
 23% 381/1670 [09:40<30:51,  1.44s/it]
 23% 382/1670 [09:41<31:28,  1.47s/it]
 23% 383/1670 [09:43<31:28,  1.47s/it]
 23% 384/1670 [09:44<31:31,  1.47s/it]
 23% 385/1670 [09:46<31:20,  1.46s/it]
 23% 386/1670 [09:47<30:55,  1.45s/it]
 23% 387/1670 [09:49<30:46,  1.44s/it]
 23% 388/1670 [09:50<30:07,  1.41s/it]
 23% 389/1670 [09:51<30:38,  1.44s/it]
 23% 390/1670 [09:53<30:49,  1.44s/it]
 23% 391/1670 [09:54<30:36,  1.44s/it]
 23% 392/1670 [09:56<30:36,  1.44s/it]
 24% 393/1670 [09:57<30:46,  1.45s/it]
 24% 394/1670 [09:59<30:09,  1.42s/it]
 24% 395/1670 [10:00<30:16,  1.42s/it]
 24% 396/1670 [10:01<30:02,  1.41s/it]
 24% 397/1670 [10:03<30:03,  1.42s/it]
 24% 398/1670 [10:04<31:12,  1.47s/it]
 24% 399/1670 [10:06<31:13,  1.47s/it]
 24% 400/1670 [10:07<30:49,  1.46s/it]
 24% 401/1670 [10:09<30:27,  1.44s/it]
 24% 402/1670 [10:10<30:26,  1.44s/it]
 24% 403/1670 [10:12<30:34,  1.45s/it]
 24% 404/1670 [10:13<30:41,  1.45s/it]
 24% 405/1670 [10:15<30:22,  1.44s/it]
 24% 406/1670 [10:16<30:13,  1.43s/it]
 24% 407/1670 [10:17<30:20,  1.44s/it]
 24% 408/1670 [10:19<30:32,  1.45s/it]
 24% 409/1670 [10:20<30:18,  1.44s/it]
 25% 410/1670 [10:22<30:00,  1.43s/it]
 25% 411/1670 [10:23<30:05,  1.43s/it]
 25% 412/1670 [10:25<30:12,  1.44s/it]
 25% 413/1670 [10:26<30:18,  1.45s/it]
 25% 414/1670 [10:28<30:47,  1.47s/it]
 25% 415/1670 [10:29<30:23,  1.45s/it]
 25% 416/1670 [10:30<30:18,  1.45s/it]
 25% 417/1670 [10:32<30:32,  1.46s/it]
 25% 418/1670 [10:33<30:19,  1.45s/it]
 25% 419/1670 [10:35<29:55,  1.44s/it]
 25% 420/1670 [10:36<29:51,  1.43s/it]
 25% 421/1670 [10:38<30:01,  1.44s/it]
 25% 422/1670 [10:39<30:08,  1.45s/it]
 25% 423/1670 [10:41<29:54,  1.44s/it]
 25% 424/1670 [10:42<29:40,  1.43s/it]
 25% 425/1670 [10:43<29:43,  1.43s/it]
 26% 426/1670 [10:45<30:04,  1.45s/it]
 26% 427/1670 [10:46<30:04,  1.45s/it]
 26% 428/1670 [10:48<29:48,  1.44s/it]
 26% 429/1670 [10:49<29:46,  1.44s/it]
 26% 430/1670 [10:51<29:46,  1.44s/it]
 26% 431/1670 [10:52<31:00,  1.50s/it]
 26% 432/1670 [10:54<30:30,  1.48s/it]
 26% 433/1670 [10:55<30:04,  1.46s/it]
 26% 434/1670 [10:57<29:54,  1.45s/it]
 26% 435/1670 [10:58<30:03,  1.46s/it]
 26% 436/1670 [10:59<29:58,  1.46s/it]
 26% 437/1670 [11:01<29:35,  1.44s/it]
 26% 438/1670 [11:02<29:27,  1.43s/it]
 26% 439/1670 [11:04<29:29,  1.44s/it]
 26% 440/1670 [11:05<29:44,  1.45s/it]
 26% 441/1670 [11:07<29:34,  1.44s/it]
 26% 442/1670 [11:08<29:16,  1.43s/it]
 27% 443/1670 [11:09<29:15,  1.43s/it]
 27% 444/1670 [11:11<29:20,  1.44s/it]
 27% 445/1670 [11:12<29:32,  1.45s/it]
 27% 446/1670 [11:14<29:32,  1.45s/it]
 27% 447/1670 [11:15<29:11,  1.43s/it]
 27% 448/1670 [11:17<30:03,  1.48s/it]
 27% 449/1670 [11:18<30:09,  1.48s/it]
 27% 450/1670 [11:20<29:36,  1.46s/it]
 27% 451/1670 [11:21<29:09,  1.43s/it]
 27% 452/1670 [11:22<28:46,  1.42s/it]
 27% 453/1670 [11:24<28:31,  1.41s/it]
 27% 454/1670 [11:25<28:18,  1.40s/it]
 27% 455/1670 [11:27<28:09,  1.39s/it]
 27% 456/1670 [11:28<28:02,  1.39s/it]
 27% 457/1670 [11:29<27:56,  1.38s/it]
 27% 458/1670 [11:31<27:53,  1.38s/it]
 27% 459/1670 [11:32<27:52,  1.38s/it]
 28% 460/1670 [11:33<27:49,  1.38s/it]
 28% 461/1670 [11:35<27:02,  1.34s/it]
 28% 462/1670 [11:36<26:55,  1.34s/it]
 28% 463/1670 [11:37<27:04,  1.35s/it]
 28% 464/1670 [11:39<27:15,  1.36s/it]
 28% 465/1670 [11:40<27:23,  1.36s/it]
 28% 466/1670 [11:42<28:04,  1.40s/it]
 28% 467/1670 [11:43<27:50,  1.39s/it]
 28% 468/1670 [11:44<27:39,  1.38s/it]
 28% 469/1670 [11:46<27:35,  1.38s/it]
 28% 470/1670 [11:47<27:25,  1.37s/it]
 28% 471/1670 [11:48<27:19,  1.37s/it]
 28% 472/1670 [11:50<27:17,  1.37s/it]
 28% 473/1670 [11:51<27:13,  1.37s/it]
 28% 474/1670 [11:53<27:12,  1.37s/it]
 28% 475/1670 [11:54<27:11,  1.37s/it]
 29% 476/1670 [11:55<27:07,  1.36s/it]
 29% 477/1670 [11:57<27:04,  1.36s/it]
 29% 478/1670 [11:58<27:01,  1.36s/it]
 29% 479/1670 [11:59<27:03,  1.36s/it]
 29% 480/1670 [12:01<27:03,  1.36s/it]
 29% 481/1670 [12:02<27:03,  1.37s/it]
 29% 482/1670 [12:03<26:59,  1.36s/it]
 29% 483/1670 [12:05<26:56,  1.36s/it]
 29% 484/1670 [12:06<27:39,  1.40s/it]
 29% 485/1670 [12:08<27:25,  1.39s/it]
 29% 486/1670 [12:09<27:15,  1.38s/it]
 29% 487/1670 [12:10<27:07,  1.38s/it]
 29% 488/1670 [12:12<26:59,  1.37s/it]
 29% 489/1670 [12:13<26:53,  1.37s/it]
 29% 490/1670 [12:14<26:48,  1.36s/it]
 29% 491/1670 [12:16<27:11,  1.38s/it]
 29% 492/1670 [12:17<27:42,  1.41s/it]
 30% 493/1670 [12:19<27:46,  1.42s/it]
 30% 494/1670 [12:20<27:39,  1.41s/it]
 30% 495/1670 [12:22<27:47,  1.42s/it]
 30% 496/1670 [12:23<27:58,  1.43s/it]
 30% 497/1670 [12:25<28:14,  1.44s/it]
 30% 498/1670 [12:26<28:08,  1.44s/it]
 30% 499/1670 [12:27<28:02,  1.44s/it]
 30% 500/1670 [12:29<28:07,  1.44s/it]
                                      

 30% 500/1670 [12:29<28:07,  1.44s/it]/home/lily/lyf6/miniconda3/envs/simplification/lib/python3.8/site-packages/torch/nn/parallel/_functions.py:68: UserWarning: Was asked to gather along dimension 0, but all input tensors were scalars; will instead unsqueeze and return a vector.
  warnings.warn('Was asked to gather along dimension 0, but all '

 30% 501/1670 [13:27<5:56:34, 18.30s/it]
 30% 502/1670 [13:28<4:17:33, 13.23s/it]
 30% 503/1670 [13:29<3:08:28,  9.69s/it]
 30% 504/1670 [13:31<2:19:43,  7.19s/it]
 30% 505/1670 [13:32<1:46:20,  5.48s/it]
 30% 506/1670 [13:34<1:22:51,  4.27s/it]
 30% 507/1670 [13:35<1:06:11,  3.41s/it]
 30% 508/1670 [13:36<54:28,  2.81s/it]  
 30% 509/1670 [13:38<46:25,  2.40s/it]
 31% 510/1670 [13:39<41:02,  2.12s/it]
 31% 511/1670 [13:41<37:04,  1.92s/it]
 31% 512/1670 [13:42<34:00,  1.76s/it]
 31% 513/1670 [13:44<31:58,  1.66s/it]
 31% 514/1670 [13:45<30:46,  1.60s/it]
 31% 515/1670 [13:46<29:24,  1.53s/it]
 31% 516/1670 [13:48<29:00,  1.51s/it]
 31% 517/1670 [13:49<28:22,  1.48s/it]
 31% 518/1670 [13:51<27:58,  1.46s/it]
 31% 519/1670 [13:52<29:03,  1.52s/it]
 31% 520/1670 [13:54<28:41,  1.50s/it]
 31% 521/1670 [13:55<28:05,  1.47s/it]
 31% 522/1670 [13:57<27:39,  1.45s/it]
 31% 523/1670 [13:58<27:31,  1.44s/it]
 31% 524/1670 [14:00<27:39,  1.45s/it]
 31% 525/1670 [14:01<27:45,  1.45s/it]
 31% 526/1670 [14:02<27:28,  1.44s/it]
 32% 527/1670 [14:04<26:43,  1.40s/it]
 32% 528/1670 [14:05<26:52,  1.41s/it]
 32% 529/1670 [14:07<27:11,  1.43s/it]
 32% 530/1670 [14:08<27:19,  1.44s/it]
 32% 531/1670 [14:10<27:10,  1.43s/it]
 32% 532/1670 [14:11<26:27,  1.39s/it]
 32% 533/1670 [14:12<26:43,  1.41s/it]
 32% 534/1670 [14:14<26:55,  1.42s/it]
 32% 535/1670 [14:15<27:09,  1.44s/it]
 32% 536/1670 [14:17<27:03,  1.43s/it]
 32% 537/1670 [14:18<27:36,  1.46s/it]
 32% 538/1670 [14:20<27:27,  1.46s/it]
 32% 539/1670 [14:21<27:37,  1.47s/it]
 32% 540/1670 [14:23<27:27,  1.46s/it]
 32% 541/1670 [14:24<27:01,  1.44s/it]
 32% 542/1670 [14:25<27:02,  1.44s/it]
 33% 543/1670 [14:27<26:30,  1.41s/it]
 33% 544/1670 [14:28<26:52,  1.43s/it]
 33% 545/1670 [14:30<26:54,  1.44s/it]
 33% 546/1670 [14:31<26:39,  1.42s/it]
 33% 547/1670 [14:32<26:46,  1.43s/it]
 33% 548/1670 [14:34<27:05,  1.45s/it]
 33% 549/1670 [14:35<27:07,  1.45s/it]
 33% 550/1670 [14:37<26:54,  1.44s/it]
 33% 551/1670 [14:38<26:44,  1.43s/it]
 33% 552/1670 [14:40<26:47,  1.44s/it]
 33% 553/1670 [14:41<26:53,  1.44s/it]
 33% 554/1670 [14:43<27:01,  1.45s/it]
 33% 555/1670 [14:44<26:47,  1.44s/it]
 33% 556/1670 [14:45<26:37,  1.43s/it]
 33% 557/1670 [14:47<27:08,  1.46s/it]
 33% 558/1670 [14:48<27:12,  1.47s/it]
 33% 559/1670 [14:50<26:56,  1.46s/it]
 34% 560/1670 [14:51<26:38,  1.44s/it]
 34% 561/1670 [14:53<26:39,  1.44s/it]
 34% 562/1670 [14:54<26:52,  1.45s/it]
 34% 563/1670 [14:56<26:49,  1.45s/it]
 34% 564/1670 [14:57<26:27,  1.44s/it]
 34% 565/1670 [14:59<26:25,  1.43s/it]
 34% 566/1670 [15:00<26:28,  1.44s/it]
 34% 567/1670 [15:01<26:39,  1.45s/it]
 34% 568/1670 [15:03<26:25,  1.44s/it]
 34% 569/1670 [15:04<26:10,  1.43s/it]
 34% 570/1670 [15:06<26:09,  1.43s/it]
 34% 571/1670 [15:07<26:17,  1.44s/it]
 34% 572/1670 [15:09<26:27,  1.45s/it]
 34% 573/1670 [15:10<26:23,  1.44s/it]
 34% 574/1670 [15:11<26:06,  1.43s/it]
 34% 575/1670 [15:13<26:05,  1.43s/it]
 34% 576/1670 [15:14<26:12,  1.44s/it]
 35% 577/1670 [15:16<26:55,  1.48s/it]
 35% 578/1670 [15:17<26:25,  1.45s/it]
 35% 579/1670 [15:19<26:15,  1.44s/it]
 35% 580/1670 [15:20<25:39,  1.41s/it]
 35% 581/1670 [15:22<26:05,  1.44s/it]
 35% 582/1670 [15:23<26:06,  1.44s/it]
 35% 583/1670 [15:24<25:51,  1.43s/it]
 35% 584/1670 [15:26<25:50,  1.43s/it]
 35% 585/1670 [15:27<25:50,  1.43s/it]
 35% 586/1670 [15:29<26:02,  1.44s/it]
 35% 587/1670 [15:30<26:06,  1.45s/it]
 35% 588/1670 [15:32<25:51,  1.43s/it]
 35% 589/1670 [15:33<25:49,  1.43s/it]
 35% 590/1670 [15:34<25:51,  1.44s/it]
 35% 591/1670 [15:36<25:26,  1.41s/it]
 35% 592/1670 [15:37<25:18,  1.41s/it]
 36% 593/1670 [15:39<26:23,  1.47s/it]
 36% 594/1670 [15:40<26:00,  1.45s/it]
 36% 595/1670 [15:42<25:34,  1.43s/it]
 36% 596/1670 [15:43<25:17,  1.41s/it]
 36% 597/1670 [15:44<25:30,  1.43s/it]
 36% 598/1670 [15:46<25:16,  1.41s/it]
 36% 599/1670 [15:47<24:58,  1.40s/it]
 36% 600/1670 [15:49<24:58,  1.40s/it]
 36% 601/1670 [15:50<25:04,  1.41s/it]
 36% 602/1670 [15:51<24:48,  1.39s/it]
 36% 603/1670 [15:53<24:36,  1.38s/it]
 36% 604/1670 [15:54<24:48,  1.40s/it]
 36% 605/1670 [15:56<24:49,  1.40s/it]
 36% 606/1670 [15:57<24:26,  1.38s/it]
 36% 607/1670 [15:58<24:53,  1.41s/it]
 36% 608/1670 [16:00<25:18,  1.43s/it]
 36% 609/1670 [16:01<25:17,  1.43s/it]
 37% 610/1670 [16:03<25:39,  1.45s/it]
 37% 611/1670 [16:04<25:35,  1.45s/it]
 37% 612/1670 [16:06<25:47,  1.46s/it]
 37% 613/1670 [16:07<25:31,  1.45s/it]
 37% 614/1670 [16:09<25:11,  1.43s/it]
 37% 615/1670 [16:10<25:11,  1.43s/it]
 37% 616/1670 [16:11<25:14,  1.44s/it]
 37% 617/1670 [16:13<25:24,  1.45s/it]
 37% 618/1670 [16:14<25:21,  1.45s/it]
 37% 619/1670 [16:16<25:03,  1.43s/it]
 37% 620/1670 [16:17<25:02,  1.43s/it]
 37% 621/1670 [16:19<25:05,  1.44s/it]
 37% 622/1670 [16:20<25:18,  1.45s/it]
 37% 623/1670 [16:22<25:09,  1.44s/it]
 37% 624/1670 [16:23<24:56,  1.43s/it]
 37% 625/1670 [16:24<24:56,  1.43s/it]
 37% 626/1670 [16:26<25:05,  1.44s/it]
 38% 627/1670 [16:27<25:11,  1.45s/it]
 38% 628/1670 [16:29<25:27,  1.47s/it]
 38% 629/1670 [16:30<25:13,  1.45s/it]
 38% 630/1670 [16:32<25:15,  1.46s/it]
 38% 631/1670 [16:33<25:26,  1.47s/it]
 38% 632/1670 [16:35<25:17,  1.46s/it]
 38% 633/1670 [16:36<25:03,  1.45s/it]
 38% 634/1670 [16:37<24:57,  1.45s/it]
 38% 635/1670 [16:39<24:59,  1.45s/it]
 38% 636/1670 [16:40<25:13,  1.46s/it]
 38% 637/1670 [16:42<24:58,  1.45s/it]
 38% 638/1670 [16:43<24:47,  1.44s/it]
 38% 639/1670 [16:45<24:49,  1.44s/it]
 38% 640/1670 [16:46<25:03,  1.46s/it]
 38% 641/1670 [16:48<24:57,  1.45s/it]
 38% 642/1670 [16:49<24:39,  1.44s/it]
 39% 643/1670 [16:51<24:38,  1.44s/it]
 39% 644/1670 [16:52<24:43,  1.45s/it]
 39% 645/1670 [16:53<24:59,  1.46s/it]
 39% 646/1670 [16:55<24:52,  1.46s/it]
 39% 647/1670 [16:56<24:30,  1.44s/it]
 39% 648/1670 [16:58<24:24,  1.43s/it]
 39% 649/1670 [16:59<25:09,  1.48s/it]
 39% 650/1670 [17:01<24:57,  1.47s/it]
 39% 651/1670 [17:02<24:33,  1.45s/it]
 39% 652/1670 [17:04<24:26,  1.44s/it]
 39% 653/1670 [17:05<24:29,  1.45s/it]
 39% 654/1670 [17:07<24:36,  1.45s/it]
 39% 655/1670 [17:08<24:23,  1.44s/it]
 39% 656/1670 [17:09<24:10,  1.43s/it]
 39% 657/1670 [17:11<24:12,  1.43s/it]
 39% 658/1670 [17:12<24:22,  1.44s/it]
 39% 659/1670 [17:14<24:25,  1.45s/it]
 40% 660/1670 [17:15<24:12,  1.44s/it]
 40% 661/1670 [17:17<24:02,  1.43s/it]
 40% 662/1670 [17:18<24:00,  1.43s/it]
 40% 663/1670 [17:19<24:01,  1.43s/it]
 40% 664/1670 [17:21<24:15,  1.45s/it]
 40% 665/1670 [17:22<24:04,  1.44s/it]
 40% 666/1670 [17:24<23:52,  1.43s/it]
 40% 667/1670 [17:25<24:18,  1.45s/it]
 40% 668/1670 [17:26<23:08,  1.39s/it]{'eval_loss': 0.3486327826976776, 'eval_rouge1': 0.6538, 'eval_rouge2': 0.5056, 'eval_rougeL': 0.6192, 'eval_rougeLsum': 0.6192, 'eval_bert_score': 0.9292, 'eval_sari': 39.4126, 'eval_gen_len': 19.2841, 'eval_runtime': 27.9999, 'eval_samples_per_second': 12.821, 'eval_steps_per_second': 0.286, 'epoch': 1.0}
{'loss': 1.0896, 'learning_rate': 2.811976047904192e-05, 'epoch': 1.5}


  0% 0/8 [00:00<?, ?it/s][A

 25% 2/8 [00:01<00:05,  1.04it/s][A

 38% 3/8 [00:03<00:06,  1.34s/it][A

 50% 4/8 [00:05<00:06,  1.58s/it][A

 62% 5/8 [00:07<00:05,  1.71s/it][A

 75% 6/8 [00:09<00:03,  1.78s/it][A

 88% 7/8 [00:11<00:01,  1.85s/it][A

100% 8/8 [00:13<00:00,  1.74s/it][A
                                      


                                 
[A
 40% 668/1670 [17:45<23:08,  1.39s/it]

100% 8/8 [00:16<00:00,  1.74s/it][A

                                 [A
 40% 669/1670 [17:47<1:57:15,  7.03s/it]
 40% 670/1670 [17:48<1:28:58,  5.34s/it]
 40% 671/1670 [17:49<1:09:20,  4.16s/it]
 40% 672/1670 [17:51<55:11,  3.32s/it]  
 40% 673/1670 [17:52<46:48,  2.82s/it]
 40% 674/1670 [17:54<39:43,  2.39s/it]
 40% 675/1670 [17:55<34:48,  2.10s/it]
 40% 676/1670 [17:57<31:30,  1.90s/it]
 41% 677/1670 [17:58<29:21,  1.77s/it]
 41% 678/1670 [18:00<27:48,  1.68s/it]
 41% 679/1670 [18:01<26:25,  1.60s/it]
 41% 680/1670 [18:02<24:55,  1.51s/it]
 41% 681/1670 [18:04<24:27,  1.48s/it]
 41% 682/1670 [18:05<24:16,  1.47s/it]
 41% 683/1670 [18:07<24:15,  1.47s/it]
 41% 684/1670 [18:08<23:25,  1.43s/it]
 41% 685/1670 [18:09<23:16,  1.42s/it]
 41% 686/1670 [18:11<23:20,  1.42s/it]
 41% 687/1670 [18:12<23:33,  1.44s/it]
 41% 688/1670 [18:14<23:38,  1.44s/it]
 41% 689/1670 [18:15<23:27,  1.43s/it]
 41% 690/1670 [18:17<23:47,  1.46s/it]
 41% 691/1670 [18:18<23:40,  1.45s/it]
 41% 692/1670 [18:20<23:47,  1.46s/it]
 41% 693/1670 [18:21<23:44,  1.46s/it]
 42% 694/1670 [18:22<23:26,  1.44s/it]
 42% 695/1670 [18:24<23:20,  1.44s/it]
 42% 696/1670 [18:25<23:24,  1.44s/it]
 42% 697/1670 [18:27<23:32,  1.45s/it]
 42% 698/1670 [18:28<23:21,  1.44s/it]
 42% 699/1670 [18:30<23:10,  1.43s/it]
 42% 700/1670 [18:31<23:09,  1.43s/it]
 42% 701/1670 [18:33<23:24,  1.45s/it]
 42% 702/1670 [18:34<23:25,  1.45s/it]
 42% 703/1670 [18:35<23:11,  1.44s/it]
 42% 704/1670 [18:37<22:56,  1.43s/it]
 42% 705/1670 [18:38<22:58,  1.43s/it]
 42% 706/1670 [18:40<23:12,  1.44s/it]
 42% 707/1670 [18:41<23:17,  1.45s/it]
 42% 708/1670 [18:43<23:03,  1.44s/it]
 42% 709/1670 [18:44<22:55,  1.43s/it]
 43% 710/1670 [18:45<22:59,  1.44s/it]
 43% 711/1670 [18:47<23:52,  1.49s/it]
 43% 712/1670 [18:49<23:28,  1.47s/it]
 43% 713/1670 [18:50<23:15,  1.46s/it]
 43% 714/1670 [18:51<23:15,  1.46s/it]
 43% 715/1670 [18:53<23:20,  1.47s/it]
 43% 716/1670 [18:54<22:33,  1.42s/it]
 43% 717/1670 [18:56<21:56,  1.38s/it]
 43% 718/1670 [18:57<22:01,  1.39s/it]
 43% 719/1670 [18:58<22:06,  1.39s/it]
 43% 720/1670 [19:00<22:18,  1.41s/it]
 43% 721/1670 [19:01<22:36,  1.43s/it]
 43% 722/1670 [19:03<22:38,  1.43s/it]
 43% 723/1670 [19:04<22:30,  1.43s/it]
 43% 724/1670 [19:06<22:30,  1.43s/it]
 43% 725/1670 [19:07<22:39,  1.44s/it]
 43% 726/1670 [19:08<22:48,  1.45s/it]
 44% 727/1670 [19:10<22:36,  1.44s/it]
 44% 728/1670 [19:11<23:08,  1.47s/it]
 44% 729/1670 [19:13<23:07,  1.47s/it]
 44% 730/1670 [19:14<23:03,  1.47s/it]
 44% 731/1670 [19:16<22:56,  1.47s/it]
 44% 732/1670 [19:17<22:36,  1.45s/it]
 44% 733/1670 [19:19<22:30,  1.44s/it]
 44% 734/1670 [19:20<22:33,  1.45s/it]
 44% 735/1670 [19:22<22:41,  1.46s/it]
 44% 736/1670 [19:23<22:28,  1.44s/it]
 44% 737/1670 [19:24<22:14,  1.43s/it]
 44% 738/1670 [19:26<21:42,  1.40s/it]
 44% 739/1670 [19:27<21:58,  1.42s/it]
 44% 740/1670 [19:29<22:13,  1.43s/it]
 44% 741/1670 [19:30<22:09,  1.43s/it]
 44% 742/1670 [19:31<21:59,  1.42s/it]
 44% 743/1670 [19:33<22:03,  1.43s/it]
 45% 744/1670 [19:34<22:07,  1.43s/it]
 45% 745/1670 [19:36<22:50,  1.48s/it]
 45% 746/1670 [19:37<22:30,  1.46s/it]
 45% 747/1670 [19:39<22:14,  1.45s/it]
 45% 748/1670 [19:40<22:12,  1.45s/it]
 45% 749/1670 [19:42<22:19,  1.45s/it]
 45% 750/1670 [19:43<21:48,  1.42s/it]
 45% 751/1670 [19:44<21:47,  1.42s/it]
 45% 752/1670 [19:46<21:38,  1.41s/it]
 45% 753/1670 [19:47<21:45,  1.42s/it]
 45% 754/1670 [19:49<22:04,  1.45s/it]
 45% 755/1670 [19:50<22:05,  1.45s/it]
 45% 756/1670 [19:52<21:48,  1.43s/it]
 45% 757/1670 [19:53<21:33,  1.42s/it]
 45% 758/1670 [19:54<21:31,  1.42s/it]
 45% 759/1670 [19:56<21:41,  1.43s/it]
 46% 760/1670 [19:57<21:53,  1.44s/it]
 46% 761/1670 [19:59<21:48,  1.44s/it]
 46% 762/1670 [20:00<21:36,  1.43s/it]
 46% 763/1670 [20:02<22:03,  1.46s/it]
 46% 764/1670 [20:03<22:07,  1.47s/it]
 46% 765/1670 [20:05<21:55,  1.45s/it]
 46% 766/1670 [20:06<21:37,  1.44s/it]
 46% 767/1670 [20:07<21:37,  1.44s/it]
 46% 768/1670 [20:09<21:42,  1.44s/it]
 46% 769/1670 [20:10<21:48,  1.45s/it]
 46% 770/1670 [20:12<21:37,  1.44s/it]
 46% 771/1670 [20:13<21:23,  1.43s/it]
 46% 772/1670 [20:15<21:26,  1.43s/it]
 46% 773/1670 [20:16<21:44,  1.45s/it]
 46% 774/1670 [20:18<21:44,  1.46s/it]
 46% 775/1670 [20:19<21:31,  1.44s/it]
 46% 776/1670 [20:20<21:25,  1.44s/it]
 47% 777/1670 [20:22<21:28,  1.44s/it]
 47% 778/1670 [20:23<21:38,  1.46s/it]
 47% 779/1670 [20:25<21:27,  1.44s/it]
 47% 780/1670 [20:26<21:14,  1.43s/it]
 47% 781/1670 [20:28<21:38,  1.46s/it]
 47% 782/1670 [20:29<21:46,  1.47s/it]
 47% 783/1670 [20:31<21:35,  1.46s/it]
 47% 784/1670 [20:32<21:19,  1.44s/it]
 47% 785/1670 [20:34<21:09,  1.43s/it]
 47% 786/1670 [20:35<21:11,  1.44s/it]
 47% 787/1670 [20:36<21:19,  1.45s/it]
 47% 788/1670 [20:38<21:14,  1.45s/it]
 47% 789/1670 [20:39<20:59,  1.43s/it]
 47% 790/1670 [20:41<20:59,  1.43s/it]
 47% 791/1670 [20:42<21:08,  1.44s/it]
 47% 792/1670 [20:44<21:08,  1.44s/it]
 47% 793/1670 [20:45<20:59,  1.44s/it]
 48% 794/1670 [20:46<20:53,  1.43s/it]
 48% 795/1670 [20:48<20:54,  1.43s/it]
 48% 796/1670 [20:49<20:59,  1.44s/it]
 48% 797/1670 [20:51<20:41,  1.42s/it]
 48% 798/1670 [20:52<20:49,  1.43s/it]
 48% 799/1670 [20:54<20:13,  1.39s/it]
 48% 800/1670 [20:55<20:20,  1.40s/it]
 48% 801/1670 [20:56<20:34,  1.42s/it]
 48% 802/1670 [20:58<21:18,  1.47s/it]
 48% 803/1670 [20:59<21:01,  1.46s/it]
 48% 804/1670 [21:01<20:17,  1.41s/it]
 48% 805/1670 [21:02<20:22,  1.41s/it]
 48% 806/1670 [21:04<20:32,  1.43s/it]
 48% 807/1670 [21:05<20:45,  1.44s/it]
 48% 808/1670 [21:06<20:36,  1.43s/it]
 48% 809/1670 [21:08<20:27,  1.43s/it]
 49% 810/1670 [21:09<20:26,  1.43s/it]
 49% 811/1670 [21:11<20:33,  1.44s/it]
 49% 812/1670 [21:12<20:43,  1.45s/it]
 49% 813/1670 [21:14<20:34,  1.44s/it]
 49% 814/1670 [21:15<20:22,  1.43s/it]
 49% 815/1670 [21:17<20:21,  1.43s/it]
 49% 816/1670 [21:18<20:34,  1.45s/it]
 49% 817/1670 [21:19<20:36,  1.45s/it]
 49% 818/1670 [21:21<20:25,  1.44s/it]
 49% 819/1670 [21:22<20:20,  1.43s/it]
 49% 820/1670 [21:24<20:21,  1.44s/it]
 49% 821/1670 [21:25<20:31,  1.45s/it]
 49% 822/1670 [21:27<20:25,  1.45s/it]
 49% 823/1670 [21:28<20:38,  1.46s/it]
 49% 824/1670 [21:30<20:24,  1.45s/it]
 49% 825/1670 [21:31<20:22,  1.45s/it]
 49% 826/1670 [21:32<20:28,  1.46s/it]
 50% 827/1670 [21:34<20:20,  1.45s/it]
 50% 828/1670 [21:35<20:05,  1.43s/it]
 50% 829/1670 [21:37<20:04,  1.43s/it]
 50% 830/1670 [21:38<20:08,  1.44s/it]
 50% 831/1670 [21:40<20:14,  1.45s/it]
 50% 832/1670 [21:41<20:03,  1.44s/it]
 50% 833/1670 [21:42<19:55,  1.43s/it]
 50% 834/1670 [21:44<19:55,  1.43s/it]
 50% 835/1670 [21:45<20:11,  1.45s/it]
 50% 836/1670 [21:47<20:09,  1.45s/it]
 50% 837/1670 [21:48<19:59,  1.44s/it]
 50% 838/1670 [21:50<19:22,  1.40s/it]
 50% 839/1670 [21:51<19:27,  1.41s/it]
 50% 840/1670 [21:53<20:13,  1.46s/it]
 50% 841/1670 [21:54<20:06,  1.46s/it]
 50% 842/1670 [21:55<19:49,  1.44s/it]
 50% 843/1670 [21:57<19:46,  1.44s/it]
 51% 844/1670 [21:58<19:51,  1.44s/it]
 51% 845/1670 [22:00<20:00,  1.46s/it]
 51% 846/1670 [22:01<19:50,  1.45s/it]
 51% 847/1670 [22:03<19:37,  1.43s/it]
 51% 848/1670 [22:04<19:35,  1.43s/it]
 51% 849/1670 [22:05<19:37,  1.43s/it]
 51% 850/1670 [22:07<19:46,  1.45s/it]
 51% 851/1670 [22:08<19:44,  1.45s/it]
 51% 852/1670 [22:10<19:30,  1.43s/it]
 51% 853/1670 [22:11<19:28,  1.43s/it]
 51% 854/1670 [22:13<19:34,  1.44s/it]
 51% 855/1670 [22:14<19:41,  1.45s/it]
 51% 856/1670 [22:16<19:32,  1.44s/it]
 51% 857/1670 [22:17<19:20,  1.43s/it]
 51% 858/1670 [22:18<19:20,  1.43s/it]
 51% 859/1670 [22:20<19:32,  1.45s/it]
 51% 860/1670 [22:21<19:31,  1.45s/it]
 52% 861/1670 [22:23<19:19,  1.43s/it]
 52% 862/1670 [22:24<19:12,  1.43s/it]
 52% 863/1670 [22:26<19:01,  1.41s/it]
 52% 864/1670 [22:27<18:49,  1.40s/it]
 52% 865/1670 [22:28<18:42,  1.39s/it]
 52% 866/1670 [22:30<18:31,  1.38s/it]
 52% 867/1670 [22:31<18:23,  1.37s/it]
 52% 868/1670 [22:32<18:18,  1.37s/it]
 52% 869/1670 [22:34<18:15,  1.37s/it]
 52% 870/1670 [22:35<18:13,  1.37s/it]
 52% 871/1670 [22:36<18:09,  1.36s/it]
 52% 872/1670 [22:38<18:06,  1.36s/it]
 52% 873/1670 [22:39<18:03,  1.36s/it]
 52% 874/1670 [22:41<18:03,  1.36s/it]
 52% 875/1670 [22:42<18:02,  1.36s/it]
 52% 876/1670 [22:43<18:00,  1.36s/it]
 53% 877/1670 [22:45<18:04,  1.37s/it]
 53% 878/1670 [22:46<18:28,  1.40s/it]
 53% 879/1670 [22:47<18:20,  1.39s/it]
 53% 880/1670 [22:49<18:12,  1.38s/it]
 53% 881/1670 [22:50<18:04,  1.38s/it]
 53% 882/1670 [22:52<17:58,  1.37s/it]
 53% 883/1670 [22:53<17:56,  1.37s/it]
 53% 884/1670 [22:54<17:52,  1.36s/it]
 53% 885/1670 [22:56<17:48,  1.36s/it]
 53% 886/1670 [22:57<17:47,  1.36s/it]
 53% 887/1670 [22:58<17:45,  1.36s/it]
 53% 888/1670 [23:00<17:43,  1.36s/it]
 53% 889/1670 [23:01<17:40,  1.36s/it]
 53% 890/1670 [23:02<17:38,  1.36s/it]
 53% 891/1670 [23:04<17:40,  1.36s/it]
 53% 892/1670 [23:05<17:38,  1.36s/it]
 53% 893/1670 [23:07<17:37,  1.36s/it]
 54% 894/1670 [23:08<17:36,  1.36s/it]
 54% 895/1670 [23:09<17:57,  1.39s/it]
 54% 896/1670 [23:11<17:48,  1.38s/it]
 54% 897/1670 [23:12<17:43,  1.38s/it]
 54% 898/1670 [23:13<17:37,  1.37s/it]
 54% 899/1670 [23:15<17:36,  1.37s/it]
 54% 900/1670 [23:16<17:33,  1.37s/it]
 54% 901/1670 [23:18<17:29,  1.36s/it]
 54% 902/1670 [23:19<17:25,  1.36s/it]
 54% 903/1670 [23:20<17:23,  1.36s/it]
 54% 904/1670 [23:22<17:22,  1.36s/it]
 54% 905/1670 [23:23<17:19,  1.36s/it]
 54% 906/1670 [23:24<17:17,  1.36s/it]
 54% 907/1670 [23:26<17:17,  1.36s/it]
 54% 908/1670 [23:27<17:17,  1.36s/it]
 54% 909/1670 [23:28<17:17,  1.36s/it]
 54% 910/1670 [23:30<17:15,  1.36s/it]
 55% 911/1670 [23:31<17:13,  1.36s/it]
 55% 912/1670 [23:33<17:56,  1.42s/it]
 55% 913/1670 [23:34<17:50,  1.41s/it]
 55% 914/1670 [23:35<17:52,  1.42s/it]
 55% 915/1670 [23:37<18:04,  1.44s/it]
 55% 916/1670 [23:38<18:09,  1.45s/it]
 55% 917/1670 [23:40<18:00,  1.43s/it]
 55% 918/1670 [23:41<17:52,  1.43s/it]
 55% 919/1670 [23:43<17:56,  1.43s/it]
 55% 920/1670 [23:44<18:04,  1.45s/it]
 55% 921/1670 [23:46<18:02,  1.45s/it]
 55% 922/1670 [23:47<17:51,  1.43s/it]
 55% 923/1670 [23:48<17:48,  1.43s/it]
 55% 924/1670 [23:50<17:56,  1.44s/it]
 55% 925/1670 [23:51<18:00,  1.45s/it]
 55% 926/1670 [23:53<17:25,  1.41s/it]
 56% 927/1670 [23:54<17:22,  1.40s/it]
 56% 928/1670 [23:55<17:19,  1.40s/it]
 56% 929/1670 [23:57<17:25,  1.41s/it]
 56% 930/1670 [23:58<17:35,  1.43s/it]
 56% 931/1670 [24:00<18:03,  1.47s/it]
 56% 932/1670 [24:01<17:25,  1.42s/it]
 56% 933/1670 [24:03<17:25,  1.42s/it]
 56% 934/1670 [24:04<17:32,  1.43s/it]
 56% 935/1670 [24:06<17:43,  1.45s/it]
 56% 936/1670 [24:07<17:35,  1.44s/it]
 56% 937/1670 [24:08<17:25,  1.43s/it]
 56% 938/1670 [24:10<17:26,  1.43s/it]
 56% 939/1670 [24:11<17:37,  1.45s/it]
 56% 940/1670 [24:13<17:37,  1.45s/it]
 56% 941/1670 [24:14<17:26,  1.44s/it]
 56% 942/1670 [24:16<17:15,  1.42s/it]
 56% 943/1670 [24:17<17:17,  1.43s/it]
 57% 944/1670 [24:18<17:21,  1.44s/it]
 57% 945/1670 [24:20<17:24,  1.44s/it]
 57% 946/1670 [24:21<17:14,  1.43s/it]
 57% 947/1670 [24:23<17:26,  1.45s/it]
 57% 948/1670 [24:24<17:23,  1.45s/it]
 57% 949/1670 [24:26<17:30,  1.46s/it]
 57% 950/1670 [24:27<17:24,  1.45s/it]
 57% 951/1670 [24:29<17:16,  1.44s/it]
 57% 952/1670 [24:30<17:16,  1.44s/it]
 57% 953/1670 [24:32<17:30,  1.46s/it]
 57% 954/1670 [24:33<17:28,  1.46s/it]
 57% 955/1670 [24:34<17:13,  1.45s/it]
 57% 956/1670 [24:36<17:07,  1.44s/it]
 57% 957/1670 [24:37<17:07,  1.44s/it]
 57% 958/1670 [24:39<17:18,  1.46s/it]
 57% 959/1670 [24:40<17:10,  1.45s/it]
 57% 960/1670 [24:42<16:55,  1.43s/it]
 58% 961/1670 [24:43<16:53,  1.43s/it]
 58% 962/1670 [24:45<16:58,  1.44s/it]
 58% 963/1670 [24:46<17:02,  1.45s/it]
 58% 964/1670 [24:47<16:53,  1.44s/it]
 58% 965/1670 [24:49<16:45,  1.43s/it]
 58% 966/1670 [24:50<16:46,  1.43s/it]
 58% 967/1670 [24:52<17:17,  1.48s/it]
 58% 968/1670 [24:53<17:05,  1.46s/it]
 58% 969/1670 [24:55<16:48,  1.44s/it]
 58% 970/1670 [24:56<16:44,  1.44s/it]
 58% 971/1670 [24:58<16:48,  1.44s/it]
 58% 972/1670 [24:59<16:53,  1.45s/it]
 58% 973/1670 [25:00<16:44,  1.44s/it]
 58% 974/1670 [25:02<16:34,  1.43s/it]
 58% 975/1670 [25:03<16:05,  1.39s/it]
 58% 976/1670 [25:05<16:13,  1.40s/it]
 59% 977/1670 [25:06<16:25,  1.42s/it]
 59% 978/1670 [25:07<16:35,  1.44s/it]
 59% 979/1670 [25:09<16:05,  1.40s/it]
 59% 980/1670 [25:10<16:03,  1.40s/it]
 59% 981/1670 [25:12<16:08,  1.41s/it]
 59% 982/1670 [25:13<16:17,  1.42s/it]
 59% 983/1670 [25:15<16:30,  1.44s/it]
 59% 984/1670 [25:16<16:24,  1.43s/it]
 59% 985/1670 [25:17<16:18,  1.43s/it]
 59% 986/1670 [25:19<16:19,  1.43s/it]
 59% 987/1670 [25:20<16:52,  1.48s/it]
 59% 988/1670 [25:22<16:37,  1.46s/it]
 59% 989/1670 [25:23<16:24,  1.45s/it]
 59% 990/1670 [25:25<16:21,  1.44s/it]
 59% 991/1670 [25:26<16:19,  1.44s/it]
 59% 992/1670 [25:27<15:59,  1.42s/it]
 59% 993/1670 [25:29<16:05,  1.43s/it]
 60% 994/1670 [25:30<16:01,  1.42s/it]
 60% 995/1670 [25:32<15:59,  1.42s/it]
 60% 996/1670 [25:33<16:04,  1.43s/it]
 60% 997/1670 [25:35<16:13,  1.45s/it]
 60% 998/1670 [25:36<16:06,  1.44s/it]
 60% 999/1670 [25:38<15:57,  1.43s/it]
 60% 1000/1670 [25:39<15:56,  1.43s/it]
                                       

 60% 1000/1670 [25:39<15:56,  1.43s/it]/home/lily/lyf6/miniconda3/envs/simplification/lib/python3.8/site-packages/torch/nn/parallel/_functions.py:68: UserWarning: Was asked to gather along dimension 0, but all input tensors were scalars; will instead unsqueeze and return a vector.
  warnings.warn('Was asked to gather along dimension 0, but all '

 60% 1001/1670 [26:34<3:14:57, 17.48s/it]
 60% 1002/1670 [26:35<2:20:14, 12.60s/it]

  0% 0/8 [00:00<?, ?it/s][A{'eval_loss': 0.34578460454940796, 'eval_rouge1': 0.6536, 'eval_rouge2': 0.5045, 'eval_rougeL': 0.6193, 'eval_rougeLsum': 0.6195, 'eval_bert_score': 0.9289, 'eval_sari': 39.2131, 'eval_gen_len': 19.2479, 'eval_runtime': 18.7148, 'eval_samples_per_second': 19.183, 'eval_steps_per_second': 0.427, 'epoch': 2.0}
{'loss': 0.1695, 'learning_rate': 1.61437125748503e-05, 'epoch': 2.99}


 25% 2/8 [00:01<00:05,  1.03it/s][A

 38% 3/8 [00:04<00:07,  1.44s/it][A

 50% 4/8 [00:05<00:06,  1.63s/it][A

 62% 5/8 [00:07<00:05,  1.71s/it][A

 75% 6/8 [00:09<00:03,  1.79s/it][A

 88% 7/8 [00:11<00:01,  1.85s/it][A

100% 8/8 [00:13<00:00,  1.75s/it][A
                                         


                                 
[A
 60% 1002/1670 [26:54<2:20:14, 12.60s/it]

100% 8/8 [00:16<00:00,  1.75s/it][A

                                 [A
 60% 1003/1670 [26:55<2:45:31, 14.89s/it]
 60% 1004/1670 [26:57<2:00:11, 10.83s/it]
 60% 1005/1670 [26:58<1:28:57,  8.03s/it]
 60% 1006/1670 [27:00<1:06:55,  6.05s/it]
 60% 1007/1670 [27:01<51:22,  4.65s/it]  
 60% 1008/1670 [27:02<40:38,  3.68s/it]
 60% 1009/1670 [27:04<33:10,  3.01s/it]
 60% 1010/1670 [27:05<28:33,  2.60s/it]
 61% 1011/1670 [27:07<24:33,  2.24s/it]
 61% 1012/1670 [27:08<21:48,  1.99s/it]
 61% 1013/1670 [27:10<20:01,  1.83s/it]
 61% 1014/1670 [27:11<18:50,  1.72s/it]
 61% 1015/1670 [27:13<17:48,  1.63s/it]
 61% 1016/1670 [27:14<17:02,  1.56s/it]
 61% 1017/1670 [27:15<16:33,  1.52s/it]
 61% 1018/1670 [27:17<16:17,  1.50s/it]
 61% 1019/1670 [27:18<16:11,  1.49s/it]
 61% 1020/1670 [27:20<15:43,  1.45s/it]
 61% 1021/1670 [27:21<15:36,  1.44s/it]
 61% 1022/1670 [27:23<15:33,  1.44s/it]
 61% 1023/1670 [27:24<15:35,  1.45s/it]
 61% 1024/1670 [27:26<15:41,  1.46s/it]
 61% 1025/1670 [27:27<15:34,  1.45s/it]
 61% 1026/1670 [27:28<15:22,  1.43s/it]
 61% 1027/1670 [27:30<15:21,  1.43s/it]
 62% 1028/1670 [27:31<15:46,  1.47s/it]
 62% 1029/1670 [27:33<15:37,  1.46s/it]
 62% 1030/1670 [27:34<15:23,  1.44s/it]
 62% 1031/1670 [27:36<15:18,  1.44s/it]
 62% 1032/1670 [27:37<15:17,  1.44s/it]
 62% 1033/1670 [27:39<15:18,  1.44s/it]
 62% 1034/1670 [27:40<15:20,  1.45s/it]
 62% 1035/1670 [27:41<15:11,  1.44s/it]
 62% 1036/1670 [27:43<15:06,  1.43s/it]
 62% 1037/1670 [27:44<15:09,  1.44s/it]
 62% 1038/1670 [27:46<15:16,  1.45s/it]
 62% 1039/1670 [27:47<15:10,  1.44s/it]
 62% 1040/1670 [27:49<14:58,  1.43s/it]
 62% 1041/1670 [27:50<14:58,  1.43s/it]
 62% 1042/1670 [27:51<14:59,  1.43s/it]
 62% 1043/1670 [27:53<15:05,  1.44s/it]
 63% 1044/1670 [27:54<14:59,  1.44s/it]
 63% 1045/1670 [27:56<14:49,  1.42s/it]
 63% 1046/1670 [27:57<15:08,  1.46s/it]
 63% 1047/1670 [27:59<15:06,  1.45s/it]
 63% 1048/1670 [28:00<15:09,  1.46s/it]
 63% 1049/1670 [28:02<14:58,  1.45s/it]
 63% 1050/1670 [28:03<14:50,  1.44s/it]
 63% 1051/1670 [28:04<14:49,  1.44s/it]
 63% 1052/1670 [28:06<14:56,  1.45s/it]
 63% 1053/1670 [28:07<14:57,  1.45s/it]
 63% 1054/1670 [28:09<14:46,  1.44s/it]
 63% 1055/1670 [28:10<14:43,  1.44s/it]
 63% 1056/1670 [28:12<14:44,  1.44s/it]
 63% 1057/1670 [28:13<14:54,  1.46s/it]
 63% 1058/1670 [28:15<14:46,  1.45s/it]
 63% 1059/1670 [28:16<14:36,  1.43s/it]
 63% 1060/1670 [28:17<14:34,  1.43s/it]
 64% 1061/1670 [28:19<14:36,  1.44s/it]
 64% 1062/1670 [28:20<14:41,  1.45s/it]
 64% 1063/1670 [28:22<14:36,  1.44s/it]
 64% 1064/1670 [28:23<14:24,  1.43s/it]
 64% 1065/1670 [28:25<14:22,  1.43s/it]
 64% 1066/1670 [28:26<14:53,  1.48s/it]
 64% 1067/1670 [28:28<14:26,  1.44s/it]
 64% 1068/1670 [28:29<14:22,  1.43s/it]
 64% 1069/1670 [28:30<14:16,  1.42s/it]
 64% 1070/1670 [28:32<14:17,  1.43s/it]
 64% 1071/1670 [28:33<14:27,  1.45s/it]
 64% 1072/1670 [28:35<14:22,  1.44s/it]
 64% 1073/1670 [28:36<14:13,  1.43s/it]
 64% 1074/1670 [28:38<14:12,  1.43s/it]
 64% 1075/1670 [28:39<14:19,  1.44s/it]
 64% 1076/1670 [28:41<14:23,  1.45s/it]
 64% 1077/1670 [28:42<14:19,  1.45s/it]
 65% 1078/1670 [28:43<14:11,  1.44s/it]
 65% 1079/1670 [28:45<14:11,  1.44s/it]
 65% 1080/1670 [28:46<13:56,  1.42s/it]
 65% 1081/1670 [28:48<14:07,  1.44s/it]
 65% 1082/1670 [28:49<14:05,  1.44s/it]
 65% 1083/1670 [28:51<13:57,  1.43s/it]
 65% 1084/1670 [28:52<13:55,  1.43s/it]
 65% 1085/1670 [28:53<13:59,  1.44s/it]
 65% 1086/1670 [28:55<14:05,  1.45s/it]
 65% 1087/1670 [28:56<14:23,  1.48s/it]
 65% 1088/1670 [28:58<14:11,  1.46s/it]
 65% 1089/1670 [28:59<14:10,  1.46s/it]
 65% 1090/1670 [29:01<14:15,  1.47s/it]
 65% 1091/1670 [29:02<14:04,  1.46s/it]
 65% 1092/1670 [29:04<13:53,  1.44s/it]
 65% 1093/1670 [29:05<13:47,  1.43s/it]
 66% 1094/1670 [29:06<13:48,  1.44s/it]
 66% 1095/1670 [29:08<13:53,  1.45s/it]
 66% 1096/1670 [29:09<13:49,  1.45s/it]
 66% 1097/1670 [29:11<13:40,  1.43s/it]
 66% 1098/1670 [29:12<13:41,  1.44s/it]
 66% 1099/1670 [29:14<13:47,  1.45s/it]
 66% 1100/1670 [29:15<13:45,  1.45s/it]
 66% 1101/1670 [29:17<13:37,  1.44s/it]
 66% 1102/1670 [29:18<13:31,  1.43s/it]
 66% 1103/1670 [29:19<13:31,  1.43s/it]
 66% 1104/1670 [29:21<13:56,  1.48s/it]
 66% 1105/1670 [29:22<13:45,  1.46s/it]
 66% 1106/1670 [29:24<13:30,  1.44s/it]
 66% 1107/1670 [29:25<13:24,  1.43s/it]
 66% 1108/1670 [29:27<13:23,  1.43s/it]
 66% 1109/1670 [29:28<13:32,  1.45s/it]
 66% 1110/1670 [29:30<13:28,  1.44s/it]
 67% 1111/1670 [29:31<13:19,  1.43s/it]
 67% 1112/1670 [29:32<13:17,  1.43s/it]
 67% 1113/1670 [29:34<13:21,  1.44s/it]
 67% 1114/1670 [29:35<13:25,  1.45s/it]
 67% 1115/1670 [29:37<13:19,  1.44s/it]
 67% 1116/1670 [29:38<13:11,  1.43s/it]
 67% 1117/1670 [29:40<13:12,  1.43s/it]
 67% 1118/1670 [29:41<13:14,  1.44s/it]
 67% 1119/1670 [29:43<13:16,  1.45s/it]
 67% 1120/1670 [29:44<13:09,  1.43s/it]
 67% 1121/1670 [29:45<13:02,  1.42s/it]
 67% 1122/1670 [29:47<13:25,  1.47s/it]
 67% 1123/1670 [29:48<13:30,  1.48s/it]
 67% 1124/1670 [29:50<13:21,  1.47s/it]
 67% 1125/1670 [29:51<13:11,  1.45s/it]
 67% 1126/1670 [29:53<13:10,  1.45s/it]
 67% 1127/1670 [29:54<13:16,  1.47s/it]
 68% 1128/1670 [29:56<13:15,  1.47s/it]
 68% 1129/1670 [29:57<13:04,  1.45s/it]
 68% 1130/1670 [29:59<13:04,  1.45s/it]
 68% 1131/1670 [30:00<13:05,  1.46s/it]
 68% 1132/1670 [30:02<13:05,  1.46s/it]
 68% 1133/1670 [30:03<12:55,  1.44s/it]
 68% 1134/1670 [30:04<12:48,  1.43s/it]
 68% 1135/1670 [30:06<12:47,  1.43s/it]
 68% 1136/1670 [30:07<12:52,  1.45s/it]
 68% 1137/1670 [30:09<12:51,  1.45s/it]
 68% 1138/1670 [30:10<12:46,  1.44s/it]
 68% 1139/1670 [30:12<12:37,  1.43s/it]
 68% 1140/1670 [30:13<12:18,  1.39s/it]
 68% 1141/1670 [30:14<12:44,  1.45s/it]
 68% 1142/1670 [30:16<12:48,  1.46s/it]
 68% 1143/1670 [30:17<12:39,  1.44s/it]
 69% 1144/1670 [30:19<12:37,  1.44s/it]
 69% 1145/1670 [30:20<12:38,  1.44s/it]
 69% 1146/1670 [30:22<12:42,  1.46s/it]
 69% 1147/1670 [30:23<12:37,  1.45s/it]
 69% 1148/1670 [30:25<12:32,  1.44s/it]
 69% 1149/1670 [30:26<12:35,  1.45s/it]
 69% 1150/1670 [30:27<12:42,  1.47s/it]
 69% 1151/1670 [30:29<12:37,  1.46s/it]
 69% 1152/1670 [30:30<12:25,  1.44s/it]
 69% 1153/1670 [30:32<12:21,  1.43s/it]
 69% 1154/1670 [30:33<12:23,  1.44s/it]
 69% 1155/1670 [30:35<12:27,  1.45s/it]
 69% 1156/1670 [30:36<12:22,  1.44s/it]
 69% 1157/1670 [30:38<12:14,  1.43s/it]
 69% 1158/1670 [30:39<12:14,  1.43s/it]
 69% 1159/1670 [30:40<12:15,  1.44s/it]
 69% 1160/1670 [30:42<12:32,  1.48s/it]
 70% 1161/1670 [30:43<12:19,  1.45s/it]
 70% 1162/1670 [30:45<12:13,  1.44s/it]
 70% 1163/1670 [30:46<12:11,  1.44s/it]
 70% 1164/1670 [30:48<12:14,  1.45s/it]
 70% 1165/1670 [30:49<12:08,  1.44s/it]
 70% 1166/1670 [30:50<11:57,  1.42s/it]
 70% 1167/1670 [30:52<11:53,  1.42s/it]
 70% 1168/1670 [30:53<11:38,  1.39s/it]
 70% 1169/1670 [30:55<11:49,  1.42s/it]
 70% 1170/1670 [30:56<11:55,  1.43s/it]
 70% 1171/1670 [30:58<11:51,  1.43s/it]
 70% 1172/1670 [30:59<11:48,  1.42s/it]
 70% 1173/1670 [31:00<11:50,  1.43s/it]
 70% 1174/1670 [31:02<11:57,  1.45s/it]
 70% 1175/1670 [31:03<11:55,  1.44s/it]
 70% 1176/1670 [31:05<11:46,  1.43s/it]
 70% 1177/1670 [31:06<12:02,  1.47s/it]
 71% 1178/1670 [31:08<12:00,  1.47s/it]
 71% 1179/1670 [31:09<11:57,  1.46s/it]
 71% 1180/1670 [31:11<11:49,  1.45s/it]
 71% 1181/1670 [31:12<11:23,  1.40s/it]
 71% 1182/1670 [31:13<11:25,  1.40s/it]
 71% 1183/1670 [31:15<11:31,  1.42s/it]
 71% 1184/1670 [31:16<11:38,  1.44s/it]
 71% 1185/1670 [31:18<11:34,  1.43s/it]
 71% 1186/1670 [31:19<11:12,  1.39s/it]
 71% 1187/1670 [31:20<11:12,  1.39s/it]
 71% 1188/1670 [31:22<11:18,  1.41s/it]
 71% 1189/1670 [31:23<11:29,  1.43s/it]
 71% 1190/1670 [31:25<11:15,  1.41s/it]
 71% 1191/1670 [31:26<11:15,  1.41s/it]
 71% 1192/1670 [31:27<11:11,  1.40s/it]
 71% 1193/1670 [31:29<11:13,  1.41s/it]
 71% 1194/1670 [31:30<11:18,  1.42s/it]
 72% 1195/1670 [31:32<11:24,  1.44s/it]
 72% 1196/1670 [31:33<11:20,  1.44s/it]
 72% 1197/1670 [31:35<11:12,  1.42s/it]
 72% 1198/1670 [31:36<11:28,  1.46s/it]
 72% 1199/1670 [31:38<11:28,  1.46s/it]
 72% 1200/1670 [31:39<11:26,  1.46s/it]
 72% 1201/1670 [31:41<11:15,  1.44s/it]
 72% 1202/1670 [31:42<11:13,  1.44s/it]
 72% 1203/1670 [31:43<11:14,  1.44s/it]
 72% 1204/1670 [31:45<11:19,  1.46s/it]
 72% 1205/1670 [31:46<11:11,  1.44s/it]
 72% 1206/1670 [31:48<11:03,  1.43s/it]
 72% 1207/1670 [31:49<11:02,  1.43s/it]
 72% 1208/1670 [31:51<10:50,  1.41s/it]
 72% 1209/1670 [31:52<10:57,  1.43s/it]
 72% 1210/1670 [31:53<11:01,  1.44s/it]
 73% 1211/1670 [31:55<10:54,  1.43s/it]
 73% 1212/1670 [31:56<10:52,  1.42s/it]
 73% 1213/1670 [31:58<10:53,  1.43s/it]
 73% 1214/1670 [31:59<10:59,  1.45s/it]
 73% 1215/1670 [32:01<11:09,  1.47s/it]
 73% 1216/1670 [32:02<10:59,  1.45s/it]
 73% 1217/1670 [32:04<10:54,  1.45s/it]
 73% 1218/1670 [32:05<10:55,  1.45s/it]
 73% 1219/1670 [32:06<10:53,  1.45s/it]
 73% 1220/1670 [32:08<10:45,  1.43s/it]
 73% 1221/1670 [32:09<10:42,  1.43s/it]
 73% 1222/1670 [32:11<10:43,  1.44s/it]
 73% 1223/1670 [32:12<10:49,  1.45s/it]
 73% 1224/1670 [32:14<10:47,  1.45s/it]
 73% 1225/1670 [32:15<10:41,  1.44s/it]
 73% 1226/1670 [32:16<10:34,  1.43s/it]
 73% 1227/1670 [32:18<10:32,  1.43s/it]
 74% 1228/1670 [32:19<10:36,  1.44s/it]
 74% 1229/1670 [32:21<10:39,  1.45s/it]
 74% 1230/1670 [32:22<10:32,  1.44s/it]
 74% 1231/1670 [32:24<10:29,  1.43s/it]
 74% 1232/1670 [32:25<10:30,  1.44s/it]
 74% 1233/1670 [32:27<10:48,  1.48s/it]
 74% 1234/1670 [32:28<10:37,  1.46s/it]
 74% 1235/1670 [32:30<10:29,  1.45s/it]
 74% 1236/1670 [32:31<10:26,  1.44s/it]
 74% 1237/1670 [32:32<10:27,  1.45s/it]
 74% 1238/1670 [32:34<10:26,  1.45s/it]
 74% 1239/1670 [32:35<10:18,  1.43s/it]
 74% 1240/1670 [32:37<10:12,  1.42s/it]
 74% 1241/1670 [32:38<10:11,  1.43s/it]
 74% 1242/1670 [32:40<10:16,  1.44s/it]
 74% 1243/1670 [32:41<10:18,  1.45s/it]
 74% 1244/1670 [32:42<10:11,  1.44s/it]
 75% 1245/1670 [32:44<10:08,  1.43s/it]
 75% 1246/1670 [32:45<10:09,  1.44s/it]
 75% 1247/1670 [32:47<10:14,  1.45s/it]
 75% 1248/1670 [32:48<10:09,  1.44s/it]
 75% 1249/1670 [32:50<10:02,  1.43s/it]
 75% 1250/1670 [32:51<10:14,  1.46s/it]
 75% 1251/1670 [32:53<10:17,  1.47s/it]
 75% 1252/1670 [32:54<10:10,  1.46s/it]
 75% 1253/1670 [32:56<09:59,  1.44s/it]
 75% 1254/1670 [32:57<09:54,  1.43s/it]
 75% 1255/1670 [32:58<09:54,  1.43s/it]
 75% 1256/1670 [33:00<09:59,  1.45s/it]
 75% 1257/1670 [33:01<09:59,  1.45s/it]
 75% 1258/1670 [33:03<09:52,  1.44s/it]
 75% 1259/1670 [33:04<09:50,  1.44s/it]
 75% 1260/1670 [33:06<09:52,  1.44s/it]
 76% 1261/1670 [33:07<09:57,  1.46s/it]
 76% 1262/1670 [33:09<09:52,  1.45s/it]
 76% 1263/1670 [33:10<09:47,  1.44s/it]
 76% 1264/1670 [33:11<09:46,  1.44s/it]
 76% 1265/1670 [33:13<09:48,  1.45s/it]
 76% 1266/1670 [33:14<09:43,  1.44s/it]
 76% 1267/1670 [33:16<09:36,  1.43s/it]
 76% 1268/1670 [33:17<09:52,  1.47s/it]
 76% 1269/1670 [33:19<09:51,  1.48s/it]
 76% 1270/1670 [33:20<09:48,  1.47s/it]
 76% 1271/1670 [33:22<09:38,  1.45s/it]
 76% 1272/1670 [33:23<09:33,  1.44s/it]
 76% 1273/1670 [33:24<09:25,  1.42s/it]
 76% 1274/1670 [33:26<09:18,  1.41s/it]
 76% 1275/1670 [33:27<09:11,  1.40s/it]
 76% 1276/1670 [33:29<09:07,  1.39s/it]
 76% 1277/1670 [33:30<09:02,  1.38s/it]
 77% 1278/1670 [33:31<08:59,  1.38s/it]
 77% 1279/1670 [33:33<08:57,  1.37s/it]
 77% 1280/1670 [33:34<08:54,  1.37s/it]
 77% 1281/1670 [33:35<08:52,  1.37s/it]
 77% 1282/1670 [33:37<08:49,  1.36s/it]
 77% 1283/1670 [33:38<08:48,  1.36s/it]
 77% 1284/1670 [33:39<08:47,  1.37s/it]
 77% 1285/1670 [33:41<08:45,  1.36s/it]
 77% 1286/1670 [33:42<08:44,  1.37s/it]
 77% 1287/1670 [33:44<09:00,  1.41s/it]
 77% 1288/1670 [33:45<08:55,  1.40s/it]
 77% 1289/1670 [33:46<08:50,  1.39s/it]
 77% 1290/1670 [33:48<08:47,  1.39s/it]
 77% 1291/1670 [33:49<08:43,  1.38s/it]
 77% 1292/1670 [33:51<08:40,  1.38s/it]
 77% 1293/1670 [33:52<08:37,  1.37s/it]
 77% 1294/1670 [33:53<08:34,  1.37s/it]
 78% 1295/1670 [33:55<08:31,  1.36s/it]
 78% 1296/1670 [33:56<08:31,  1.37s/it]
 78% 1297/1670 [33:57<08:28,  1.36s/it]
 78% 1298/1670 [33:59<08:26,  1.36s/it]
 78% 1299/1670 [34:00<08:13,  1.33s/it]
 78% 1300/1670 [34:01<08:15,  1.34s/it]
 78% 1301/1670 [34:03<08:15,  1.34s/it]
 78% 1302/1670 [34:04<08:17,  1.35s/it]
 78% 1303/1670 [34:05<08:18,  1.36s/it]
 78% 1304/1670 [34:07<08:34,  1.41s/it]
 78% 1305/1670 [34:08<08:28,  1.39s/it]
 78% 1306/1670 [34:10<08:24,  1.39s/it]
 78% 1307/1670 [34:11<08:19,  1.38s/it]
 78% 1308/1670 [34:12<08:16,  1.37s/it]
 78% 1309/1670 [34:14<08:13,  1.37s/it]
 78% 1310/1670 [34:15<08:12,  1.37s/it]
 79% 1311/1670 [34:16<07:58,  1.33s/it]
 79% 1312/1670 [34:18<07:59,  1.34s/it]
 79% 1313/1670 [34:19<08:00,  1.35s/it]
 79% 1314/1670 [34:21<08:11,  1.38s/it]
 79% 1315/1670 [34:22<08:17,  1.40s/it]
 79% 1316/1670 [34:23<08:16,  1.40s/it]
 79% 1317/1670 [34:25<08:12,  1.39s/it]
 79% 1318/1670 [34:26<08:15,  1.41s/it]
 79% 1319/1670 [34:28<08:09,  1.39s/it]
 79% 1320/1670 [34:29<08:04,  1.38s/it]
 79% 1321/1670 [34:30<08:08,  1.40s/it]
 79% 1322/1670 [34:32<08:20,  1.44s/it]
 79% 1323/1670 [34:33<08:11,  1.42s/it]
 79% 1324/1670 [34:35<08:04,  1.40s/it]
 79% 1325/1670 [34:36<08:07,  1.41s/it]
 79% 1326/1670 [34:37<08:05,  1.41s/it]
 79% 1327/1670 [34:39<08:03,  1.41s/it]
 80% 1328/1670 [34:40<07:57,  1.40s/it]
 80% 1329/1670 [34:42<07:53,  1.39s/it]
 80% 1330/1670 [34:43<07:54,  1.40s/it]
 80% 1331/1670 [34:45<08:00,  1.42s/it]
 80% 1332/1670 [34:46<08:04,  1.43s/it]
 80% 1333/1670 [34:47<08:00,  1.43s/it]
 80% 1334/1670 [34:49<07:57,  1.42s/it]
 80% 1335/1670 [34:50<07:57,  1.43s/it]
 80% 1336/1670 [34:51<07:35,  1.36s/it]{'eval_loss': 0.3312169313430786, 'eval_rouge1': 0.65, 'eval_rouge2': 0.501, 'eval_rougeL': 0.6158, 'eval_rougeLsum': 0.6161, 'eval_bert_score': 0.9287, 'eval_sari': 38.9461, 'eval_gen_len': 19.2396, 'eval_runtime': 18.7806, 'eval_samples_per_second': 19.115, 'eval_steps_per_second': 0.426, 'epoch': 3.0}


  0% 0/8 [00:00<?, ?it/s][A

 25% 2/8 [00:01<00:05,  1.06it/s][A

 38% 3/8 [00:03<00:06,  1.36s/it][A

 50% 4/8 [00:06<00:06,  1.69s/it][A

 62% 5/8 [00:08<00:05,  1.79s/it][A

 75% 6/8 [00:09<00:03,  1.84s/it][A

 88% 7/8 [00:11<00:01,  1.87s/it][A

100% 8/8 [00:13<00:00,  1.74s/it][A
                                       


                                 
[A
 80% 1336/1670 [35:11<07:35,  1.36s/it]

100% 8/8 [00:17<00:00,  1.74s/it][A

                                 [A
 80% 1337/1670 [35:12<39:47,  7.17s/it]
 80% 1338/1670 [35:14<30:12,  5.46s/it]
 80% 1339/1670 [35:15<23:29,  4.26s/it]
 80% 1340/1670 [35:17<18:45,  3.41s/it]
 80% 1341/1670 [35:18<15:23,  2.81s/it]
 80% 1342/1670 [35:19<13:18,  2.43s/it]
 80% 1343/1670 [35:21<11:41,  2.14s/it]
 80% 1344/1670 [35:22<10:29,  1.93s/it]
 81% 1345/1670 [35:24<09:34,  1.77s/it]
 81% 1346/1670 [35:25<08:59,  1.67s/it]
 81% 1347/1670 [35:27<08:38,  1.60s/it]
 81% 1348/1670 [35:28<08:13,  1.53s/it]
 81% 1349/1670 [35:29<08:02,  1.50s/it]
 81% 1350/1670 [35:31<07:51,  1.47s/it]
 81% 1351/1670 [35:32<07:46,  1.46s/it]
 81% 1352/1670 [35:34<07:45,  1.46s/it]
 81% 1353/1670 [35:35<07:47,  1.47s/it]
 81% 1354/1670 [35:37<07:42,  1.46s/it]
 81% 1355/1670 [35:38<07:35,  1.45s/it]
 81% 1356/1670 [35:40<07:33,  1.44s/it]
 81% 1357/1670 [35:41<07:34,  1.45s/it]
 81% 1358/1670 [35:42<07:34,  1.46s/it]
 81% 1359/1670 [35:44<07:29,  1.45s/it]
 81% 1360/1670 [35:45<07:25,  1.44s/it]
 81% 1361/1670 [35:47<07:25,  1.44s/it]
 82% 1362/1670 [35:48<07:36,  1.48s/it]
 82% 1363/1670 [35:50<07:28,  1.46s/it]
 82% 1364/1670 [35:51<07:21,  1.44s/it]
 82% 1365/1670 [35:53<07:19,  1.44s/it]
 82% 1366/1670 [35:54<07:20,  1.45s/it]
 82% 1367/1670 [35:56<07:21,  1.46s/it]
 82% 1368/1670 [35:57<07:17,  1.45s/it]
 82% 1369/1670 [35:58<07:11,  1.43s/it]
 82% 1370/1670 [36:00<07:10,  1.43s/it]
 82% 1371/1670 [36:01<07:13,  1.45s/it]
 82% 1372/1670 [36:03<07:13,  1.45s/it]
 82% 1373/1670 [36:04<07:07,  1.44s/it]
 82% 1374/1670 [36:06<07:05,  1.44s/it]
 82% 1375/1670 [36:07<07:04,  1.44s/it]
 82% 1376/1670 [36:09<07:07,  1.45s/it]
 82% 1377/1670 [36:10<07:03,  1.44s/it]
 83% 1378/1670 [36:11<06:57,  1.43s/it]
 83% 1379/1670 [36:13<06:56,  1.43s/it]
 83% 1380/1670 [36:14<06:57,  1.44s/it]
 83% 1381/1670 [36:16<06:58,  1.45s/it]
 83% 1382/1670 [36:17<07:06,  1.48s/it]
 83% 1383/1670 [36:19<06:59,  1.46s/it]
 83% 1384/1670 [36:20<06:54,  1.45s/it]
 83% 1385/1670 [36:22<06:53,  1.45s/it]
 83% 1386/1670 [36:23<06:53,  1.46s/it]
 83% 1387/1670 [36:24<06:49,  1.45s/it]
 83% 1388/1670 [36:26<06:43,  1.43s/it]
 83% 1389/1670 [36:27<06:42,  1.43s/it]
 83% 1390/1670 [36:29<06:43,  1.44s/it]
 83% 1391/1670 [36:30<06:42,  1.44s/it]
 83% 1392/1670 [36:32<06:39,  1.44s/it]
 83% 1393/1670 [36:33<06:37,  1.43s/it]
 83% 1394/1670 [36:35<06:37,  1.44s/it]
 84% 1395/1670 [36:36<06:38,  1.45s/it]
 84% 1396/1670 [36:37<06:34,  1.44s/it]
 84% 1397/1670 [36:39<06:30,  1.43s/it]
 84% 1398/1670 [36:40<06:30,  1.44s/it]
 84% 1399/1670 [36:42<06:45,  1.50s/it]
 84% 1400/1670 [36:43<06:40,  1.48s/it]
 84% 1401/1670 [36:45<06:32,  1.46s/it]
 84% 1402/1670 [36:46<06:27,  1.45s/it]
 84% 1403/1670 [36:48<06:27,  1.45s/it]
 84% 1404/1670 [36:49<06:28,  1.46s/it]
 84% 1405/1670 [36:51<06:25,  1.45s/it]
 84% 1406/1670 [36:52<06:21,  1.44s/it]
 84% 1407/1670 [36:53<06:20,  1.45s/it]
 84% 1408/1670 [36:55<06:23,  1.46s/it]
 84% 1409/1670 [36:56<06:20,  1.46s/it]
 84% 1410/1670 [36:58<06:15,  1.45s/it]
 84% 1411/1670 [36:59<06:14,  1.45s/it]
 85% 1412/1670 [37:01<06:16,  1.46s/it]
 85% 1413/1670 [37:02<06:18,  1.47s/it]
 85% 1414/1670 [37:04<06:14,  1.46s/it]
 85% 1415/1670 [37:05<06:09,  1.45s/it]
 85% 1416/1670 [37:07<06:06,  1.44s/it]
 85% 1417/1670 [37:08<06:16,  1.49s/it]
 85% 1418/1670 [37:10<06:10,  1.47s/it]
 85% 1419/1670 [37:11<06:03,  1.45s/it]
 85% 1420/1670 [37:12<06:00,  1.44s/it]
 85% 1421/1670 [37:14<06:00,  1.45s/it]
 85% 1422/1670 [37:15<06:01,  1.46s/it]
 85% 1423/1670 [37:17<05:56,  1.44s/it]
 85% 1424/1670 [37:18<05:52,  1.43s/it]
 85% 1425/1670 [37:20<05:51,  1.43s/it]
 85% 1426/1670 [37:21<05:52,  1.44s/it]
 85% 1427/1670 [37:23<05:54,  1.46s/it]
 86% 1428/1670 [37:24<05:50,  1.45s/it]
 86% 1429/1670 [37:25<05:45,  1.43s/it]
 86% 1430/1670 [37:27<05:44,  1.44s/it]
 86% 1431/1670 [37:28<05:45,  1.45s/it]
 86% 1432/1670 [37:30<05:43,  1.45s/it]
 86% 1433/1670 [37:31<05:31,  1.40s/it]
 86% 1434/1670 [37:32<05:30,  1.40s/it]
 86% 1435/1670 [37:34<05:37,  1.44s/it]
 86% 1436/1670 [37:35<05:39,  1.45s/it]
 86% 1437/1670 [37:37<05:36,  1.45s/it]
 86% 1438/1670 [37:38<05:32,  1.43s/it]
 86% 1439/1670 [37:40<05:30,  1.43s/it]
 86% 1440/1670 [37:41<05:31,  1.44s/it]
 86% 1441/1670 [37:43<05:31,  1.45s/it]
 86% 1442/1670 [37:44<05:27,  1.44s/it]
 86% 1443/1670 [37:45<05:24,  1.43s/it]
 86% 1444/1670 [37:47<05:22,  1.43s/it]
 87% 1445/1670 [37:48<05:22,  1.43s/it]
 87% 1446/1670 [37:50<05:24,  1.45s/it]
 87% 1447/1670 [37:51<05:20,  1.44s/it]
 87% 1448/1670 [37:53<05:16,  1.42s/it]
 87% 1449/1670 [37:54<05:15,  1.43s/it]
 87% 1450/1670 [37:55<05:16,  1.44s/it]
 87% 1451/1670 [37:57<05:16,  1.44s/it]
 87% 1452/1670 [37:58<05:12,  1.44s/it]
 87% 1453/1670 [38:00<05:10,  1.43s/it]
 87% 1454/1670 [38:01<05:09,  1.43s/it]
 87% 1455/1670 [38:03<05:20,  1.49s/it]
 87% 1456/1670 [38:04<05:08,  1.44s/it]
 87% 1457/1670 [38:06<05:03,  1.43s/it]
 87% 1458/1670 [38:07<05:02,  1.42s/it]
 87% 1459/1670 [38:08<05:02,  1.43s/it]
 87% 1460/1670 [38:10<05:03,  1.45s/it]
 87% 1461/1670 [38:11<05:02,  1.45s/it]
 88% 1462/1670 [38:13<04:59,  1.44s/it]
 88% 1463/1670 [38:14<04:56,  1.43s/it]
 88% 1464/1670 [38:16<04:56,  1.44s/it]
 88% 1465/1670 [38:17<04:57,  1.45s/it]
 88% 1466/1670 [38:19<04:55,  1.45s/it]
 88% 1467/1670 [38:20<04:50,  1.43s/it]
 88% 1468/1670 [38:21<04:49,  1.43s/it]
 88% 1469/1670 [38:23<04:50,  1.44s/it]
 88% 1470/1670 [38:24<04:50,  1.45s/it]
 88% 1471/1670 [38:26<04:46,  1.44s/it]
 88% 1472/1670 [38:27<04:43,  1.43s/it]
 88% 1473/1670 [38:29<04:41,  1.43s/it]
 88% 1474/1670 [38:30<04:42,  1.44s/it]
 88% 1475/1670 [38:32<04:43,  1.45s/it]
 88% 1476/1670 [38:33<04:48,  1.49s/it]
 88% 1477/1670 [38:35<04:45,  1.48s/it]
 89% 1478/1670 [38:36<04:44,  1.48s/it]
 89% 1479/1670 [38:38<04:42,  1.48s/it]
 89% 1480/1670 [38:39<04:37,  1.46s/it]
 89% 1481/1670 [38:40<04:33,  1.45s/it]
 89% 1482/1670 [38:42<04:31,  1.45s/it]
 89% 1483/1670 [38:43<04:33,  1.46s/it]
 89% 1484/1670 [38:45<04:29,  1.45s/it]
 89% 1485/1670 [38:46<04:25,  1.43s/it]
 89% 1486/1670 [38:48<04:23,  1.43s/it]
 89% 1487/1670 [38:49<04:22,  1.44s/it]
 89% 1488/1670 [38:50<04:22,  1.44s/it]
 89% 1489/1670 [38:52<04:20,  1.44s/it]
 89% 1490/1670 [38:53<04:17,  1.43s/it]
 89% 1491/1670 [38:55<04:15,  1.43s/it]
 89% 1492/1670 [38:56<04:15,  1.43s/it]
 89% 1493/1670 [38:58<04:15,  1.44s/it]
 89% 1494/1670 [38:59<04:20,  1.48s/it]
 90% 1495/1670 [39:01<04:16,  1.47s/it]
 90% 1496/1670 [39:02<04:14,  1.46s/it]
 90% 1497/1670 [39:04<04:13,  1.47s/it]
 90% 1498/1670 [39:05<04:09,  1.45s/it]
 90% 1499/1670 [39:06<04:06,  1.44s/it]
 90% 1500/1670 [39:08<04:05,  1.44s/it]
                                       

 90% 1500/1670 [39:08<04:05,  1.44s/it]/home/lily/lyf6/miniconda3/envs/simplification/lib/python3.8/site-packages/torch/nn/parallel/_functions.py:68: UserWarning: Was asked to gather along dimension 0, but all input tensors were scalars; will instead unsqueeze and return a vector.
  warnings.warn('Was asked to gather along dimension 0, but all '

 90% 1501/1670 [40:03<49:27, 17.56s/it]
 90% 1502/1670 [40:04<35:39, 12.74s/it]
 90% 1503/1670 [40:06<26:01,  9.35s/it]
 90% 1504/1670 [40:07<19:16,  6.97s/it]
 90% 1505/1670 [40:09<14:37,  5.32s/it]
 90% 1506/1670 [40:10<11:23,  4.17s/it]
 90% 1507/1670 [40:12<09:05,  3.35s/it]
 90% 1508/1670 [40:13<07:27,  2.76s/it]
 90% 1509/1670 [40:15<06:19,  2.36s/it]
 90% 1510/1670 [40:16<05:27,  2.05s/it]
 90% 1511/1670 [40:17<04:57,  1.87s/it]
 91% 1512/1670 [40:19<04:37,  1.76s/it]
 91% 1513/1670 [40:20<04:14,  1.62s/it]
 91% 1514/1670 [40:21<04:02,  1.55s/it]
 91% 1515/1670 [40:23<03:59,  1.54s/it]
 91% 1516/1670 [40:25<03:55,  1.53s/it]
 91% 1517/1670 [40:26<03:50,  1.50s/it]
 91% 1518/1670 [40:27<03:43,  1.47s/it]
 91% 1519/1670 [40:29<03:40,  1.46s/it]
 91% 1520/1670 [40:30<03:38,  1.46s/it]
 91% 1521/1670 [40:32<03:38,  1.46s/it]
 91% 1522/1670 [40:33<03:34,  1.45s/it]
 91% 1523/1670 [40:35<03:31,  1.44s/it]
 91% 1524/1670 [40:36<03:29,  1.44s/it]
 91% 1525/1670 [40:37<03:29,  1.45s/it]
 91% 1526/1670 [40:39<03:29,  1.46s/it]
 91% 1527/1670 [40:40<03:27,  1.45s/it]
 91% 1528/1670 [40:42<03:23,  1.44s/it]
 92% 1529/1670 [40:43<03:22,  1.44s/it]
 92% 1530/1670 [40:45<03:22,  1.45s/it]
 92% 1531/1670 [40:46<03:21,  1.45s/it]
 92% 1532/1670 [40:48<03:25,  1.49s/it]
 92% 1533/1670 [40:49<03:21,  1.47s/it]
 92% 1534/1670 [40:51<03:19,  1.47s/it]
 92% 1535/1670 [40:52<03:17,  1.46s/it]
 92% 1536/1670 [40:53<03:13,  1.44s/it]
 92% 1537/1670 [40:55<03:10,  1.43s/it]
 92% 1538/1670 [40:56<03:10,  1.44s/it]
 92% 1539/1670 [40:58<03:04,  1.41s/it]
 92% 1540/1670 [40:59<03:04,  1.42s/it]
 92% 1541/1670 [41:00<03:02,  1.41s/it]
 92% 1542/1670 [41:02<03:00,  1.41s/it]
 92% 1543/1670 [41:03<02:59,  1.42s/it]
 92% 1544/1670 [41:05<03:00,  1.43s/it]
 93% 1545/1670 [41:06<03:00,  1.44s/it]
 93% 1546/1670 [41:08<02:57,  1.43s/it]
 93% 1547/1670 [41:09<02:54,  1.42s/it]
 93% 1548/1670 [41:11<02:54,  1.43s/it]
 93% 1549/1670 [41:12<02:55,  1.45s/it]
 93% 1550/1670 [41:14<02:57,  1.48s/it]
 93% 1551/1670 [41:15<02:53,  1.46s/it]
 93% 1552/1670 [41:16<02:51,  1.45s/it]
 93% 1553/1670 [41:18<02:49,  1.45s/it]
 93% 1554/1670 [41:19<02:48,  1.46s/it]
 93% 1555/1670 [41:21<02:46,  1.45s/it]
 93% 1556/1670 [41:22<02:43,  1.43s/it]
 93% 1557/1670 [41:24<02:41,  1.43s/it]
 93% 1558/1670 [41:25<02:40,  1.44s/it]
 93% 1559/1670 [41:27<02:40,  1.45s/it]
 93% 1560/1670 [41:28<02:38,  1.44s/it]
 93% 1561/1670 [41:29<02:35,  1.43s/it]
 94% 1562/1670 [41:31<02:34,  1.43s/it]
 94% 1563/1670 [41:32<02:34,  1.44s/it]
 94% 1564/1670 [41:34<02:29,  1.41s/it]
 94% 1565/1670 [41:35<02:28,  1.42s/it]
 94% 1566/1670 [41:36<02:26,  1.41s/it]
 94% 1567/1670 [41:38<02:26,  1.42s/it]
 94% 1568/1670 [41:39<02:26,  1.43s/it]
 94% 1569/1670 [41:41<02:25,  1.44s/it]
 94% 1570/1670 [41:42<02:20,  1.41s/it]
 94% 1571/1670 [41:44<02:19,  1.41s/it]
 94% 1572/1670 [41:45<02:22,  1.45s/it]
 94% 1573/1670 [41:47<02:21,  1.46s/it]
 94% 1574/1670 [41:48<02:20,  1.46s/it]
 94% 1575/1670 [41:49<02:17,  1.44s/it]
 94% 1576/1670 [41:51<02:15,  1.44s/it]
 94% 1577/1670 [41:52<02:14,  1.44s/it]
 94% 1578/1670 [41:54<02:13,  1.45s/it]
 95% 1579/1670 [41:55<02:11,  1.44s/it]
 95% 1580/1670 [41:56<02:05,  1.40s/it]
 95% 1581/1670 [41:58<02:04,  1.40s/it]
 95% 1582/1670 [41:59<02:04,  1.41s/it]
 95% 1583/1670 [42:01<02:04,  1.43s/it]
 95% 1584/1670 [42:02<02:03,  1.43s/it]
 95% 1585/1670 [42:04<02:00,  1.42s/it]
 95% 1586/1670 [42:05<01:59,  1.42s/it]
 95% 1587/1670 [42:07<01:59,  1.43s/it]
 95% 1588/1670 [42:08<01:59,  1.46s/it]
 95% 1589/1670 [42:09<01:58,  1.46s/it]
 95% 1590/1670 [42:11<01:57,  1.47s/it]
 95% 1591/1670 [42:12<01:55,  1.46s/it]
 95% 1592/1670 [42:14<01:54,  1.47s/it]
 95% 1593/1670 [42:15<01:52,  1.46s/it]
 95% 1594/1670 [42:17<01:49,  1.44s/it]
 96% 1595/1670 [42:18<01:47,  1.44s/it]
 96% 1596/1670 [42:20<01:46,  1.44s/it]
 96% 1597/1670 [42:21<01:46,  1.45s/it]
 96% 1598/1670 [42:23<01:43,  1.44s/it]
 96% 1599/1670 [42:24<01:41,  1.43s/it]
 96% 1600/1670 [42:25<01:39,  1.42s/it]
 96% 1601/1670 [42:27<01:39,  1.44s/it]
 96% 1602/1670 [42:28<01:38,  1.45s/it]
 96% 1603/1670 [42:30<01:37,  1.45s/it]
 96% 1604/1670 [42:31<01:34,  1.43s/it]
 96% 1605/1670 [42:33<01:32,  1.43s/it]
 96% 1606/1670 [42:34<01:31,  1.44s/it]
 96% 1607/1670 [42:36<01:33,  1.48s/it]
 96% 1608/1670 [42:37<01:30,  1.46s/it]
 96% 1609/1670 [42:38<01:28,  1.45s/it]
 96% 1610/1670 [42:40<01:26,  1.45s/it]
 96% 1611/1670 [42:41<01:25,  1.46s/it]
 97% 1612/1670 [42:43<01:24,  1.45s/it]
 97% 1613/1670 [42:44<01:21,  1.43s/it]
 97% 1614/1670 [42:46<01:20,  1.43s/it]
 97% 1615/1670 [42:47<01:18,  1.43s/it]
 97% 1616/1670 [42:48<01:18,  1.45s/it]
 97% 1617/1670 [42:50<01:16,  1.45s/it]
 97% 1618/1670 [42:51<01:14,  1.43s/it]
 97% 1619/1670 [42:53<01:13,  1.43s/it]
 97% 1620/1670 [42:54<01:10,  1.40s/it]
 97% 1621/1670 [42:56<01:09,  1.43s/it]
 97% 1622/1670 [42:57<01:08,  1.43s/it]
 97% 1623/1670 [42:58<01:06,  1.42s/it]
 97% 1624/1670 [43:00<01:05,  1.42s/it]
 97% 1625/1670 [43:01<01:04,  1.42s/it]
 97% 1626/1670 [43:03<01:03,  1.44s/it]
 97% 1627/1670 [43:04<01:03,  1.48s/it]
 97% 1628/1670 [43:06<01:00,  1.45s/it]
 98% 1629/1670 [43:07<00:59,  1.44s/it]
 98% 1630/1670 [43:09<00:57,  1.44s/it]
 98% 1631/1670 [43:10<00:56,  1.46s/it]
 98% 1632/1670 [43:12<00:55,  1.45s/it]
 98% 1633/1670 [43:13<00:53,  1.43s/it]
 98% 1634/1670 [43:14<00:51,  1.44s/it]
 98% 1635/1670 [43:16<00:49,  1.41s/it]
 98% 1636/1670 [43:17<00:48,  1.43s/it]
 98% 1637/1670 [43:19<00:47,  1.44s/it]
 98% 1638/1670 [43:20<00:45,  1.43s/it]
 98% 1639/1670 [43:22<00:44,  1.44s/it]
 98% 1640/1670 [43:23<00:43,  1.46s/it]
 98% 1641/1670 [43:24<00:42,  1.45s/it]
 98% 1642/1670 [43:26<00:40,  1.43s/it]
 98% 1643/1670 [43:27<00:38,  1.43s/it]
 98% 1644/1670 [43:29<00:37,  1.44s/it]
 99% 1645/1670 [43:30<00:37,  1.48s/it]
 99% 1646/1670 [43:32<00:35,  1.46s/it]
 99% 1647/1670 [43:33<00:33,  1.44s/it]
 99% 1648/1670 [43:35<00:31,  1.44s/it]
 99% 1649/1670 [43:36<00:29,  1.43s/it]
 99% 1650/1670 [43:37<00:28,  1.44s/it]
 99% 1651/1670 [43:39<00:27,  1.44s/it]
 99% 1652/1670 [43:40<00:25,  1.43s/it]
 99% 1653/1670 [43:42<00:24,  1.43s/it]
 99% 1654/1670 [43:43<00:23,  1.44s/it]
 99% 1655/1670 [43:45<00:21,  1.45s/it]
 99% 1656/1670 [43:46<00:20,  1.43s/it]
 99% 1657/1670 [43:47<00:18,  1.43s/it]
 99% 1658/1670 [43:49<00:17,  1.44s/it]
 99% 1659/1670 [43:50<00:15,  1.45s/it]
 99% 1660/1670 [43:52<00:14,  1.44s/it]
 99% 1661/1670 [43:53<00:12,  1.43s/it]
100% 1662/1670 [43:55<00:11,  1.46s/it]
100% 1663/1670 [43:56<00:10,  1.46s/it]
100% 1664/1670 [43:58<00:08,  1.46s/it]
100% 1665/1670 [43:59<00:07,  1.44s/it]
100% 1666/1670 [44:00<00:05,  1.44s/it]
100% 1667/1670 [44:02<00:04,  1.41s/it]
100% 1668/1670 [44:03<00:02,  1.43s/it]
100% 1669/1670 [44:05<00:01,  1.44s/it]
100% 1670/1670 [44:06<00:00,  1.36s/it]
{'eval_loss': 0.33234328031539917, 'eval_rouge1': 0.6501, 'eval_rouge2': 0.5, 'eval_rougeL': 0.6163, 'eval_rougeLsum': 0.6168, 'eval_bert_score': 0.9288, 'eval_sari': 38.9013, 'eval_gen_len': 19.2535, 'eval_runtime': 19.2453, 'eval_samples_per_second': 18.654, 'eval_steps_per_second': 0.416, 'epoch': 4.0}
{'loss': 0.1392, 'learning_rate': 4.167664670658683e-06, 'epoch': 4.49}

  0% 0/8 [00:00<?, ?it/s][A

 25% 2/8 [00:01<00:05,  1.02it/s][A

 38% 3/8 [00:03<00:06,  1.36s/it][A

 50% 4/8 [00:05<00:06,  1.58s/it][A

 62% 5/8 [00:08<00:05,  1.85s/it][A

 75% 6/8 [00:10<00:03,  1.98s/it][A

 88% 7/8 [00:12<00:01,  1.99s/it][A

100% 8/8 [00:13<00:00,  1.81s/it][A
                                       


                                 
[A
100% 1670/1670 [44:25<00:00,  1.36s/it]

100% 8/8 [00:17<00:00,  1.81s/it][A

                                 [A
                                       

100% 1670/1670 [44:25<00:00,  1.36s/it]
100% 1670/1670 [44:25<00:00,  1.60s/it]{'eval_loss': 0.3372948467731476, 'eval_rouge1': 0.6491, 'eval_rouge2': 0.4995, 'eval_rougeL': 0.6155, 'eval_rougeLsum': 0.6158, 'eval_bert_score': 0.9286, 'eval_sari': 38.9609, 'eval_gen_len': 19.2702, 'eval_runtime': 19.3556, 'eval_samples_per_second': 18.548, 'eval_steps_per_second': 0.413, 'epoch': 5.0}
{'train_runtime': 2671.4396, 'train_samples_per_second': 29.946, 'train_steps_per_second': 0.625, 'train_loss': 0.43206227925009355, 'epoch': 5.0}


  0% 0/8 [00:00<?, ?it/s]
 25% 2/8 [00:01<00:05,  1.03it/s]
 38% 3/8 [00:03<00:06,  1.34s/it]
 50% 4/8 [00:05<00:06,  1.51s/it]
 62% 5/8 [00:07<00:04,  1.61s/it]
 75% 6/8 [00:09<00:03,  1.68s/it]
 88% 7/8 [00:11<00:01,  1.75s/it]
100% 8/8 [00:12<00:00,  1.62s/it]
100% 8/8 [00:17<00:00,  2.24s/it]Done

wandb: Waiting for W&B process to finish, PID 1808874... (success).
wandb: - 0.00MB of 0.00MB uploaded (0.00MB deduped)
wandb: \ 0.00MB of 0.00MB uploaded (0.00MB deduped)
wandb: | 0.00MB of 0.00MB uploaded (0.00MB deduped)
wandb: / 0.00MB of 0.02MB uploaded (0.00MB deduped)
wandb: - 0.00MB of 0.02MB uploaded (0.00MB deduped)
wandb: \ 0.00MB of 0.02MB uploaded (0.00MB deduped)
wandb: | 0.00MB of 0.02MB uploaded (0.00MB deduped)
wandb: / 0.00MB of 0.02MB uploaded (0.00MB deduped)
wandb: - 0.00MB of 0.02MB uploaded (0.00MB deduped)
wandb: \ 0.00MB of 0.02MB uploaded (0.00MB deduped)
wandb: | 0.00MB of 0.02MB uploaded (0.00MB deduped)
wandb: / 0.00MB of 0.02MB uploaded (0.00MB deduped)
wandb: - 0.00MB of 0.02MB uploaded (0.00MB deduped)
wandb: \ 0.00MB of 0.02MB uploaded (0.00MB deduped)
wandb: | 0.00MB of 0.02MB uploaded (0.00MB deduped)
wandb: / 0.02MB of 0.02MB uploaded (0.00MB deduped)
wandb: - 0.02MB of 0.02MB uploaded (0.00MB deduped)
wandb: \ 0.02MB of 0.02MB uploaded (0.00MB deduped)
wandb: | 0.02MB of 0.02MB uploaded (0.00MB deduped)
wandb: / 0.02MB of 0.02MB uploaded (0.00MB deduped)
wandb: - 0.02MB of 0.02MB uploaded (0.00MB deduped)
wandb: \ 0.02MB of 0.02MB uploaded (0.00MB deduped)
wandb:                                                                                
wandb: Run history:
wandb:                  eval/bert_score â–ˆâ–…â–‚â–ƒâ–
wandb:                     eval/gen_len â–ˆâ–‚â–â–ƒâ–†
wandb:                        eval/loss â–ˆâ–‡â–â–â–ƒ
wandb:                      eval/rouge1 â–ˆâ–ˆâ–‚â–‚â–
wandb:                      eval/rouge2 â–ˆâ–‡â–ƒâ–‚â–
wandb:                      eval/rougeL â–ˆâ–ˆâ–‚â–‚â–
wandb:                   eval/rougeLsum â–‡â–ˆâ–‚â–ƒâ–
wandb:                     eval/runtime â–ˆâ–â–â–â–
wandb:          eval/samples_per_second â–â–ˆâ–ˆâ–‡â–‡
wandb:                        eval/sari â–ˆâ–…â–‚â–â–‚
wandb:            eval/steps_per_second â–â–ˆâ–ˆâ–‡â–‡
wandb:                      train/epoch â–â–‚â–ƒâ–„â–…â–†â–‡â–ˆâ–ˆ
wandb:                train/global_step â–â–‚â–ƒâ–„â–…â–†â–‡â–ˆâ–ˆ
wandb:              train/learning_rate â–ˆâ–…â–
wandb:                       train/loss â–ˆâ–â–
wandb:                 train/total_flos â–
wandb:                 train/train_loss â–
wandb:              train/train_runtime â–
wandb:   train/train_samples_per_second â–
wandb:     train/train_steps_per_second â–
wandb: 
wandb: Run summary:
wandb:                  eval/bert_score 0.9286
wandb:                     eval/gen_len 19.2702
wandb:                        eval/loss 0.33729
wandb:                      eval/rouge1 0.6491
wandb:                      eval/rouge2 0.4995
wandb:                      eval/rougeL 0.6155
wandb:                   eval/rougeLsum 0.6158
wandb:                     eval/runtime 19.3556
wandb:          eval/samples_per_second 18.548
wandb:                        eval/sari 38.9609
wandb:            eval/steps_per_second 0.413
wandb:                      train/epoch 5.0
wandb:                train/global_step 1670
wandb:              train/learning_rate 0.0
wandb:                       train/loss 0.1392
wandb:                 train/total_flos 1.506814918656e+16
wandb:                 train/train_loss 0.43206
wandb:              train/train_runtime 2671.4396
wandb:   train/train_samples_per_second 29.946
wandb:     train/train_steps_per_second 0.625
wandb: 
wandb: Synced 6 W&B file(s), 0 media file(s), 0 artifact file(s) and 0 other file(s)
wandb: Synced dazzling-fire-63: https://wandb.ai/ljyflores_team/huggingface/runs/2qlxrn59
wandb: Find logs at: ./wandb/run-20230317_023849-2qlxrn59/logs/debug.log
wandb: 

